WARNING: pip is being invoked by an old script wrapper. This will fail in a future version of pip.
Please see https://github.com/pypa/pip/issues/5599 for advice on fixing the underlying issue.
To avoid this problem you can invoke Python with '-m pip' instead of running pip directly.
Keyring is skipped due to an exception: [Errno 2] No such file or directory
Collecting snakemake==5.10.0
  Using cached snakemake-5.10.0.tar.gz (200 kB)
Requirement already satisfied: wrapt in /nas/longleaf/apps/python/3.6.6/lib/python3.6/site-packages (from snakemake==5.10.0->-r config/requirements.txt (line 1)) (1.12.1)
Requirement already satisfied: requests in /nas/longleaf/apps/python/3.6.6/lib/python3.6/site-packages (from snakemake==5.10.0->-r config/requirements.txt (line 1)) (2.25.1)
Requirement already satisfied: ratelimiter in /nas/longleaf/apps/python/3.6.6/lib/python3.6/site-packages (from snakemake==5.10.0->-r config/requirements.txt (line 1)) (1.2.0.post0)
Requirement already satisfied: pyyaml in /nas/longleaf/apps/python/3.6.6/lib/python3.6/site-packages (from snakemake==5.10.0->-r config/requirements.txt (line 1)) (5.4.1)
Requirement already satisfied: configargparse in /nas/longleaf/apps/python/3.6.6/lib/python3.6/site-packages (from snakemake==5.10.0->-r config/requirements.txt (line 1)) (0.13.0)
Requirement already satisfied: appdirs in /nas/longleaf/apps/python/3.6.6/lib/python3.6/site-packages (from snakemake==5.10.0->-r config/requirements.txt (line 1)) (1.4.3)
Requirement already satisfied: datrie in /nas/longleaf/apps/python/3.6.6/lib/python3.6/site-packages (from snakemake==5.10.0->-r config/requirements.txt (line 1)) (0.7.1)
Requirement already satisfied: jsonschema in /nas/longleaf/apps/python/3.6.6/lib/python3.6/site-packages (from snakemake==5.10.0->-r config/requirements.txt (line 1)) (3.2.0)
Requirement already satisfied: docutils in /nas/longleaf/apps/python/3.6.6/lib/python3.6/site-packages (from snakemake==5.10.0->-r config/requirements.txt (line 1)) (0.14)
Requirement already satisfied: gitpython in /nas/longleaf/apps/python/3.6.6/lib/python3.6/site-packages (from snakemake==5.10.0->-r config/requirements.txt (line 1)) (3.1.0)
Requirement already satisfied: psutil in /nas/longleaf/apps/python/3.6.6/lib/python3.6/site-packages (from snakemake==5.10.0->-r config/requirements.txt (line 1)) (5.7.0)
Requirement already satisfied: nbformat in /nas/longleaf/apps/python/3.6.6/lib/python3.6/site-packages (from snakemake==5.10.0->-r config/requirements.txt (line 1)) (4.4.0)
Requirement already satisfied: toposort in /nas/longleaf/apps/python/3.6.6/lib/python3.6/site-packages (from snakemake==5.10.0->-r config/requirements.txt (line 1)) (1.5)
Requirement already satisfied: idna<3,>=2.5 in /nas/longleaf/apps/python/3.6.6/lib/python3.6/site-packages (from requests->snakemake==5.10.0->-r config/requirements.txt (line 1)) (2.7)
Requirement already satisfied: certifi>=2017.4.17 in /nas/longleaf/apps/python/3.6.6/lib/python3.6/site-packages (from requests->snakemake==5.10.0->-r config/requirements.txt (line 1)) (2018.8.24)
Requirement already satisfied: chardet<5,>=3.0.2 in /nas/longleaf/apps/python/3.6.6/lib/python3.6/site-packages (from requests->snakemake==5.10.0->-r config/requirements.txt (line 1)) (3.0.4)
Requirement already satisfied: urllib3<1.27,>=1.21.1 in /nas/longleaf/apps/python/3.6.6/lib/python3.6/site-packages (from requests->snakemake==5.10.0->-r config/requirements.txt (line 1)) (1.23)
Requirement already satisfied: pyrsistent>=0.14.0 in /nas/longleaf/apps/python/3.6.6/lib/python3.6/site-packages (from jsonschema->snakemake==5.10.0->-r config/requirements.txt (line 1)) (0.16.0)
Requirement already satisfied: importlib-metadata; python_version < "3.8" in /nas/longleaf/apps/python/3.6.6/lib/python3.6/site-packages (from jsonschema->snakemake==5.10.0->-r config/requirements.txt (line 1)) (1.6.1)
Requirement already satisfied: attrs>=17.4.0 in /nas/longleaf/apps/python/3.6.6/lib/python3.6/site-packages (from jsonschema->snakemake==5.10.0->-r config/requirements.txt (line 1)) (18.2.0)
Requirement already satisfied: setuptools in /nas/longleaf/apps/python/3.6.6/lib/python3.6/site-packages (from jsonschema->snakemake==5.10.0->-r config/requirements.txt (line 1)) (53.0.0)
Requirement already satisfied: six>=1.11.0 in /nas/longleaf/apps/python/3.6.6/lib/python3.6/site-packages (from jsonschema->snakemake==5.10.0->-r config/requirements.txt (line 1)) (1.11.0)
Requirement already satisfied: gitdb<5,>=4.0.1 in /nas/longleaf/apps/python/3.6.6/lib/python3.6/site-packages (from gitpython->snakemake==5.10.0->-r config/requirements.txt (line 1)) (4.0.2)
Requirement already satisfied: traitlets>=4.1 in /nas/longleaf/apps/python/3.6.6/lib/python3.6/site-packages (from nbformat->snakemake==5.10.0->-r config/requirements.txt (line 1)) (4.3.2)
Requirement already satisfied: jupyter-core in /nas/longleaf/apps/python/3.6.6/lib/python3.6/site-packages (from nbformat->snakemake==5.10.0->-r config/requirements.txt (line 1)) (4.4.0)
Requirement already satisfied: ipython-genutils in /nas/longleaf/apps/python/3.6.6/lib/python3.6/site-packages (from nbformat->snakemake==5.10.0->-r config/requirements.txt (line 1)) (0.2.0)
Requirement already satisfied: zipp>=0.5 in /nas/longleaf/apps/python/3.6.6/lib/python3.6/site-packages (from importlib-metadata; python_version < "3.8"->jsonschema->snakemake==5.10.0->-r config/requirements.txt (line 1)) (3.1.0)
Requirement already satisfied: smmap<4,>=3.0.1 in /nas/longleaf/apps/python/3.6.6/lib/python3.6/site-packages (from gitdb<5,>=4.0.1->gitpython->snakemake==5.10.0->-r config/requirements.txt (line 1)) (3.0.1)
Requirement already satisfied: decorator in /nas/longleaf/apps/python/3.6.6/lib/python3.6/site-packages (from traitlets>=4.1->nbformat->snakemake==5.10.0->-r config/requirements.txt (line 1)) (4.3.0)
Installing collected packages: snakemake
  Attempting uninstall: snakemake
    Found existing installation: snakemake 5.13.0
    Not uninstalling snakemake at /nas/longleaf/apps/python/3.6.6/lib/python3.6/site-packages, outside environment /work/users/m/a/marielle/work/mprasnakemake/env
    Can't uninstall 'snakemake'. No files were found to uninstall.
    Running setup.py install for snakemake: started
    Running setup.py install for snakemake: finished with status 'done'
Successfully installed snakemake-5.10.0
WARNING: You are using pip version 20.0.2; however, version 21.3.1 is available.
You should consider upgrading via the '/work/users/m/a/marielle/work/mprasnakemake/env/bin/python3 -m pip install --upgrade pip' command.
/nas/longleaf/apps/python/3.6.6/lib/python3.6/site-packages/snakemake/workflow.py:22: FutureWarning: read_table is deprecated, use read_csv instead, passing sep='\t'.
  from snakemake.rules import Rule, Ruleorder, RuleProxy
Building DAG of jobs...
Using shell: /usr/bin/bash
Provided cluster nodes: 100
Job counts:
	count	jobs
	25	align1
	25	align2
	1	all
	1	countMatrix
	1	lowCounts
	1	outliers
	25	trim1
	25	trim2
	104

[Tue Apr 11 16:47:44 2023]
rule trim1:
    input: /work/users/m/a/marielle/work/subMPRA/fastq/sub_12C_R_AD-12C_R_ACTCGCTA_S21_L004_R1_001.fastq.gz
    output: output/AD_THP1_RNA_LPS_0_WT_12_1/AD_THP1_RNA_LPS_0_WT_12_1_trim1.fastq.gz
    log: output/logs/AD_THP1_RNA_LPS_0_WT_12_1_trim1.err
    jobid: 82
    wildcards: group=AD_THP1_RNA_LPS_0_WT_12_1


        module load cutadapt
        cutadapt -g NCTAGA -o output/AD_THP1_RNA_LPS_0_WT_12_1/AD_THP1_RNA_LPS_0_WT_12_1_trim1.fastq.gz /work/users/m/a/marielle/work/subMPRA/fastq/sub_12C_R_AD-12C_R_ACTCGCTA_S21_L004_R1_001.fastq.gz
        
Submitted job 82 with external jobid '5303545'.

[Tue Apr 11 16:47:44 2023]
rule trim1:
    input: /work/users/m/a/marielle/work/subMPRA/fastq/sub_8C_R_AD-8C_R_ATCTCAGG_S15_L003_R1_001.fastq.gz
    output: output/AD_THP1_RNA_LPS_0_WT_8_1/AD_THP1_RNA_LPS_0_WT_8_1_trim1.fastq.gz
    log: output/logs/AD_THP1_RNA_LPS_0_WT_8_1_trim1.err
    jobid: 83
    wildcards: group=AD_THP1_RNA_LPS_0_WT_8_1


        module load cutadapt
        cutadapt -g NCTAGA -o output/AD_THP1_RNA_LPS_0_WT_8_1/AD_THP1_RNA_LPS_0_WT_8_1_trim1.fastq.gz /work/users/m/a/marielle/work/subMPRA/fastq/sub_8C_R_AD-8C_R_ATCTCAGG_S15_L003_R1_001.fastq.gz
        
Submitted job 83 with external jobid '5303546'.

[Tue Apr 11 16:47:44 2023]
rule trim1:
    input: /work/users/m/a/marielle/work/subMPRA/fastq/sub_9T_R_AD-9T_R_GTAGAGGA_S18_L003_R1_001.fastq.gz
    output: output/AD_THP1_RNA_LPS_1440_WT_9_1/AD_THP1_RNA_LPS_1440_WT_9_1_trim1.fastq.gz
    log: output/logs/AD_THP1_RNA_LPS_1440_WT_9_1_trim1.err
    jobid: 84
    wildcards: group=AD_THP1_RNA_LPS_1440_WT_9_1


        module load cutadapt
        cutadapt -g NCTAGA -o output/AD_THP1_RNA_LPS_1440_WT_9_1/AD_THP1_RNA_LPS_1440_WT_9_1_trim1.fastq.gz /work/users/m/a/marielle/work/subMPRA/fastq/sub_9T_R_AD-9T_R_GTAGAGGA_S18_L003_R1_001.fastq.gz
        
Submitted job 84 with external jobid '5303547'.

[Tue Apr 11 16:47:44 2023]
rule trim1:
    input: /work/users/m/a/marielle/work/subMPRA/fastq/sub_1T_R_AD-1T_R_AAGAGGCA_S1_L001_R1_001.fastq.gz
    output: output/AD_THP1_RNA_LPS_1440_WT_1_1/AD_THP1_RNA_LPS_1440_WT_1_1_trim1.fastq.gz
    log: output/logs/AD_THP1_RNA_LPS_1440_WT_1_1_trim1.err
    jobid: 85
    wildcards: group=AD_THP1_RNA_LPS_1440_WT_1_1


        module load cutadapt
        cutadapt -g NCTAGA -o output/AD_THP1_RNA_LPS_1440_WT_1_1/AD_THP1_RNA_LPS_1440_WT_1_1_trim1.fastq.gz /work/users/m/a/marielle/work/subMPRA/fastq/sub_1T_R_AD-1T_R_AAGAGGCA_S1_L001_R1_001.fastq.gz
        
Submitted job 85 with external jobid '5303548'.

[Tue Apr 11 16:47:44 2023]
rule trim1:
    input: /work/users/m/a/marielle/work/subMPRA/fastq/sub_10C_R_AD-10C_R_GGAGCTAC_S13_L003_R1_001.fastq.gz
    output: output/AD_THP1_RNA_LPS_0_WT_10_1/AD_THP1_RNA_LPS_0_WT_10_1_trim1.fastq.gz
    log: output/logs/AD_THP1_RNA_LPS_0_WT_10_1_trim1.err
    jobid: 80
    wildcards: group=AD_THP1_RNA_LPS_0_WT_10_1


        module load cutadapt
        cutadapt -g NCTAGA -o output/AD_THP1_RNA_LPS_0_WT_10_1/AD_THP1_RNA_LPS_0_WT_10_1_trim1.fastq.gz /work/users/m/a/marielle/work/subMPRA/fastq/sub_10C_R_AD-10C_R_GGAGCTAC_S13_L003_R1_001.fastq.gz
        
Submitted job 80 with external jobid '5303549'.

[Tue Apr 11 16:47:45 2023]
rule trim1:
    input: /work/users/m/a/marielle/work/subMPRA/fastq/sub_10T_R_AD-10T_R_GCTCATGA_S14_L003_R1_001.fastq.gz
    output: output/AD_THP1_RNA_LPS_1440_WT_10_1/AD_THP1_RNA_LPS_1440_WT_10_1_trim1.fastq.gz
    log: output/logs/AD_THP1_RNA_LPS_1440_WT_10_1_trim1.err
    jobid: 81
    wildcards: group=AD_THP1_RNA_LPS_1440_WT_10_1


        module load cutadapt
        cutadapt -g NCTAGA -o output/AD_THP1_RNA_LPS_1440_WT_10_1/AD_THP1_RNA_LPS_1440_WT_10_1_trim1.fastq.gz /work/users/m/a/marielle/work/subMPRA/fastq/sub_10T_R_AD-10T_R_GCTCATGA_S14_L003_R1_001.fastq.gz
        
Submitted job 81 with external jobid '5303550'.

[Tue Apr 11 16:47:45 2023]
rule trim1:
    input: /work/users/m/a/marielle/work/subMPRA/fastq/sub_9C_R_AD-9C_R_ACTCGCTA_S17_L003_R1_001.fastq.gz
    output: output/AD_THP1_RNA_LPS_0_WT_9_1/AD_THP1_RNA_LPS_0_WT_9_1_trim1.fastq.gz
    log: output/logs/AD_THP1_RNA_LPS_0_WT_9_1_trim1.err
    jobid: 79
    wildcards: group=AD_THP1_RNA_LPS_0_WT_9_1


        module load cutadapt
        cutadapt -g NCTAGA -o output/AD_THP1_RNA_LPS_0_WT_9_1/AD_THP1_RNA_LPS_0_WT_9_1_trim1.fastq.gz /work/users/m/a/marielle/work/subMPRA/fastq/sub_9C_R_AD-9C_R_ACTCGCTA_S17_L003_R1_001.fastq.gz
        
Submitted job 79 with external jobid '5303551'.

[Tue Apr 11 16:47:45 2023]
rule trim1:
    input: /work/users/m/a/marielle/work/subMPRA/fastq/sub_DNA_AD_merged_R1_001.fastq.gz
    output: output/AD_THP1_DNA_LPS_0_WT_1_1/AD_THP1_DNA_LPS_0_WT_1_1_trim1.fastq.gz
    log: output/logs/AD_THP1_DNA_LPS_0_WT_1_1_trim1.err
    jobid: 91
    wildcards: group=AD_THP1_DNA_LPS_0_WT_1_1


        module load cutadapt
        cutadapt -g NCTAGA -o output/AD_THP1_DNA_LPS_0_WT_1_1/AD_THP1_DNA_LPS_0_WT_1_1_trim1.fastq.gz /work/users/m/a/marielle/work/subMPRA/fastq/sub_DNA_AD_merged_R1_001.fastq.gz
        
Submitted job 91 with external jobid '5303552'.

[Tue Apr 11 16:47:45 2023]
rule trim1:
    input: /work/users/m/a/marielle/work/subMPRA/fastq/sub_3C_R_AD-3C_R_GCGTAGTA_S4_L001_R1_001.fastq.gz
    output: output/AD_THP1_RNA_LPS_0_WT_3_1/AD_THP1_RNA_LPS_0_WT_3_1_trim1.fastq.gz
    log: output/logs/AD_THP1_RNA_LPS_0_WT_3_1_trim1.err
    jobid: 92
    wildcards: group=AD_THP1_RNA_LPS_0_WT_3_1


        module load cutadapt
        cutadapt -g NCTAGA -o output/AD_THP1_RNA_LPS_0_WT_3_1/AD_THP1_RNA_LPS_0_WT_3_1_trim1.fastq.gz /work/users/m/a/marielle/work/subMPRA/fastq/sub_3C_R_AD-3C_R_GCGTAGTA_S4_L001_R1_001.fastq.gz
        
Submitted job 92 with external jobid '5303553'.

[Tue Apr 11 16:47:45 2023]
rule trim1:
    input: /work/users/m/a/marielle/work/subMPRA/fastq/sub_13C_R_AD-13C_R_GGAGCTAC_S23_L004_R1_001.fastq.gz
    output: output/AD_THP1_RNA_LPS_0_WT_13_1/AD_THP1_RNA_LPS_0_WT_13_1_trim1.fastq.gz
    log: output/logs/AD_THP1_RNA_LPS_0_WT_13_1_trim1.err
    jobid: 90
    wildcards: group=AD_THP1_RNA_LPS_0_WT_13_1


        module load cutadapt
        cutadapt -g NCTAGA -o output/AD_THP1_RNA_LPS_0_WT_13_1/AD_THP1_RNA_LPS_0_WT_13_1_trim1.fastq.gz /work/users/m/a/marielle/work/subMPRA/fastq/sub_13C_R_AD-13C_R_GGAGCTAC_S23_L004_R1_001.fastq.gz
        
Submitted job 90 with external jobid '5303554'.

[Tue Apr 11 16:47:46 2023]
rule trim1:
    input: /work/users/m/a/marielle/work/subMPRA/fastq/sub_6T_R_AD-6T_R_GTAGAGGA_S10_L002_R1_001.fastq.gz
    output: output/AD_THP1_RNA_LPS_1440_WT_6_1/AD_THP1_RNA_LPS_1440_WT_6_1_trim1.fastq.gz
    log: output/logs/AD_THP1_RNA_LPS_1440_WT_6_1_trim1.err
    jobid: 88
    wildcards: group=AD_THP1_RNA_LPS_1440_WT_6_1


        module load cutadapt
        cutadapt -g NCTAGA -o output/AD_THP1_RNA_LPS_1440_WT_6_1/AD_THP1_RNA_LPS_1440_WT_6_1_trim1.fastq.gz /work/users/m/a/marielle/work/subMPRA/fastq/sub_6T_R_AD-6T_R_GTAGAGGA_S10_L002_R1_001.fastq.gz
        
Submitted job 88 with external jobid '5303555'.

[Tue Apr 11 16:47:46 2023]
rule trim1:
    input: /work/users/m/a/marielle/work/subMPRA/fastq/sub_11T_R_AD-11T_R_AAGAGGCA_S20_L004_R1_001.fastq.gz
    output: output/AD_THP1_RNA_LPS_1440_WT_11_1/AD_THP1_RNA_LPS_1440_WT_11_1_trim1.fastq.gz
    log: output/logs/AD_THP1_RNA_LPS_1440_WT_11_1_trim1.err
    jobid: 89
    wildcards: group=AD_THP1_RNA_LPS_1440_WT_11_1


        module load cutadapt
        cutadapt -g NCTAGA -o output/AD_THP1_RNA_LPS_1440_WT_11_1/AD_THP1_RNA_LPS_1440_WT_11_1_trim1.fastq.gz /work/users/m/a/marielle/work/subMPRA/fastq/sub_11T_R_AD-11T_R_AAGAGGCA_S20_L004_R1_001.fastq.gz
        
Submitted job 89 with external jobid '5303556'.

[Tue Apr 11 16:47:46 2023]
rule trim1:
    input: /work/users/m/a/marielle/work/subMPRA/fastq/sub_6C_R_AD-6C_R_ACTCGCTA_S9_L002_R1_001.fastq.gz
    output: output/AD_THP1_RNA_LPS_0_WT_6_1/AD_THP1_RNA_LPS_0_WT_6_1_trim1.fastq.gz
    log: output/logs/AD_THP1_RNA_LPS_0_WT_6_1_trim1.err
    jobid: 86
    wildcards: group=AD_THP1_RNA_LPS_0_WT_6_1


        module load cutadapt
        cutadapt -g NCTAGA -o output/AD_THP1_RNA_LPS_0_WT_6_1/AD_THP1_RNA_LPS_0_WT_6_1_trim1.fastq.gz /work/users/m/a/marielle/work/subMPRA/fastq/sub_6C_R_AD-6C_R_ACTCGCTA_S9_L002_R1_001.fastq.gz
        
Submitted job 86 with external jobid '5303557'.

[Tue Apr 11 16:47:46 2023]
rule trim1:
    input: /work/users/m/a/marielle/work/subMPRA/fastq/sub_2T_R_AD-2T_R_GTAGAGGA_S3_L001_R1_001.fastq.gz
    output: output/AD_THP1_RNA_LPS_1440_WT_2_1/AD_THP1_RNA_LPS_1440_WT_2_1_trim1.fastq.gz
    log: output/logs/AD_THP1_RNA_LPS_1440_WT_2_1_trim1.err
    jobid: 87
    wildcards: group=AD_THP1_RNA_LPS_1440_WT_2_1


        module load cutadapt
        cutadapt -g NCTAGA -o output/AD_THP1_RNA_LPS_1440_WT_2_1/AD_THP1_RNA_LPS_1440_WT_2_1_trim1.fastq.gz /work/users/m/a/marielle/work/subMPRA/fastq/sub_2T_R_AD-2T_R_GTAGAGGA_S3_L001_R1_001.fastq.gz
        
Submitted job 87 with external jobid '5303558'.

[Tue Apr 11 16:47:46 2023]
rule trim1:
    input: /work/users/m/a/marielle/work/subMPRA/fastq/sub_7T_R_AD-7T_R_GCTCATGA_S12_L002_R1_001.fastq.gz
    output: output/AD_THP1_RNA_LPS_1440_WT_7_1/AD_THP1_RNA_LPS_1440_WT_7_1_trim1.fastq.gz
    log: output/logs/AD_THP1_RNA_LPS_1440_WT_7_1_trim1.err
    jobid: 96
    wildcards: group=AD_THP1_RNA_LPS_1440_WT_7_1


        module load cutadapt
        cutadapt -g NCTAGA -o output/AD_THP1_RNA_LPS_1440_WT_7_1/AD_THP1_RNA_LPS_1440_WT_7_1_trim1.fastq.gz /work/users/m/a/marielle/work/subMPRA/fastq/sub_7T_R_AD-7T_R_GCTCATGA_S12_L002_R1_001.fastq.gz
        
Submitted job 96 with external jobid '5303559'.

[Tue Apr 11 16:47:47 2023]
rule trim1:
    input: /work/users/m/a/marielle/work/subMPRA/fastq/sub_12T_R_AD-12T_R_GTAGAGGA_S22_L004_R1_001.fastq.gz
    output: output/AD_THP1_RNA_LPS_1440_WT_12_1/AD_THP1_RNA_LPS_1440_WT_12_1_trim1.fastq.gz
    log: output/logs/AD_THP1_RNA_LPS_1440_WT_12_1_trim1.err
    jobid: 95
    wildcards: group=AD_THP1_RNA_LPS_1440_WT_12_1


        module load cutadapt
        cutadapt -g NCTAGA -o output/AD_THP1_RNA_LPS_1440_WT_12_1/AD_THP1_RNA_LPS_1440_WT_12_1_trim1.fastq.gz /work/users/m/a/marielle/work/subMPRA/fastq/sub_12T_R_AD-12T_R_GTAGAGGA_S22_L004_R1_001.fastq.gz
        
Submitted job 95 with external jobid '5303560'.

[Tue Apr 11 16:47:47 2023]
rule trim1:
    input: /work/users/m/a/marielle/work/subMPRA/fastq/sub_7C_R_AD-7C_R_GGAGCTAC_S11_L002_R1_001.fastq.gz
    output: output/AD_THP1_RNA_LPS_0_WT_7_1/AD_THP1_RNA_LPS_0_WT_7_1_trim1.fastq.gz
    log: output/logs/AD_THP1_RNA_LPS_0_WT_7_1_trim1.err
    jobid: 94
    wildcards: group=AD_THP1_RNA_LPS_0_WT_7_1


        module load cutadapt
        cutadapt -g NCTAGA -o output/AD_THP1_RNA_LPS_0_WT_7_1/AD_THP1_RNA_LPS_0_WT_7_1_trim1.fastq.gz /work/users/m/a/marielle/work/subMPRA/fastq/sub_7C_R_AD-7C_R_GGAGCTAC_S11_L002_R1_001.fastq.gz
        
Submitted job 94 with external jobid '5303561'.

[Tue Apr 11 16:47:47 2023]
rule trim1:
    input: /work/users/m/a/marielle/work/subMPRA/fastq/sub_5C_R_AD-5C_R_ATCTCAGG_S7_L002_R1_001.fastq.gz
    output: output/AD_THP1_RNA_LPS_0_WT_5_1/AD_THP1_RNA_LPS_0_WT_5_1_trim1.fastq.gz
    log: output/logs/AD_THP1_RNA_LPS_0_WT_5_1_trim1.err
    jobid: 93
    wildcards: group=AD_THP1_RNA_LPS_0_WT_5_1


        module load cutadapt
        cutadapt -g NCTAGA -o output/AD_THP1_RNA_LPS_0_WT_5_1/AD_THP1_RNA_LPS_0_WT_5_1_trim1.fastq.gz /work/users/m/a/marielle/work/subMPRA/fastq/sub_5C_R_AD-5C_R_ATCTCAGG_S7_L002_R1_001.fastq.gz
        
Submitted job 93 with external jobid '5303562'.

[Tue Apr 11 16:47:47 2023]
rule trim1:
    input: /work/users/m/a/marielle/work/subMPRA/fastq/sub_8T_R_AD-8T_R_AAGAGGCA_S16_L003_R1_001.fastq.gz
    output: output/AD_THP1_RNA_LPS_1440_WT_8_1/AD_THP1_RNA_LPS_1440_WT_8_1_trim1.fastq.gz
    log: output/logs/AD_THP1_RNA_LPS_1440_WT_8_1_trim1.err
    jobid: 102
    wildcards: group=AD_THP1_RNA_LPS_1440_WT_8_1


        module load cutadapt
        cutadapt -g NCTAGA -o output/AD_THP1_RNA_LPS_1440_WT_8_1/AD_THP1_RNA_LPS_1440_WT_8_1_trim1.fastq.gz /work/users/m/a/marielle/work/subMPRA/fastq/sub_8T_R_AD-8T_R_AAGAGGCA_S16_L003_R1_001.fastq.gz
        
Submitted job 102 with external jobid '5303563'.

[Tue Apr 11 16:47:47 2023]
rule trim1:
    input: /work/users/m/a/marielle/work/subMPRA/fastq/sub_5T_R_AD-5T_R_AAGAGGCA_S8_L002_R1_001.fastq.gz
    output: output/AD_THP1_RNA_LPS_1440_WT_5_1/AD_THP1_RNA_LPS_1440_WT_5_1_trim1.fastq.gz
    log: output/logs/AD_THP1_RNA_LPS_1440_WT_5_1_trim1.err
    jobid: 103
    wildcards: group=AD_THP1_RNA_LPS_1440_WT_5_1


        module load cutadapt
        cutadapt -g NCTAGA -o output/AD_THP1_RNA_LPS_1440_WT_5_1/AD_THP1_RNA_LPS_1440_WT_5_1_trim1.fastq.gz /work/users/m/a/marielle/work/subMPRA/fastq/sub_5T_R_AD-5T_R_AAGAGGCA_S8_L002_R1_001.fastq.gz
        
Submitted job 103 with external jobid '5303564'.

[Tue Apr 11 16:47:48 2023]
rule trim1:
    input: /work/users/m/a/marielle/work/subMPRA/fastq/sub_13T_R_AD-13T_R_GCTCATGA_S24_L004_R1_001.fastq.gz
    output: output/AD_THP1_RNA_LPS_1440_WT_13_1/AD_THP1_RNA_LPS_1440_WT_13_1_trim1.fastq.gz
    log: output/logs/AD_THP1_RNA_LPS_1440_WT_13_1_trim1.err
    jobid: 101
    wildcards: group=AD_THP1_RNA_LPS_1440_WT_13_1


        module load cutadapt
        cutadapt -g NCTAGA -o output/AD_THP1_RNA_LPS_1440_WT_13_1/AD_THP1_RNA_LPS_1440_WT_13_1_trim1.fastq.gz /work/users/m/a/marielle/work/subMPRA/fastq/sub_13T_R_AD-13T_R_GCTCATGA_S24_L004_R1_001.fastq.gz
        
Submitted job 101 with external jobid '5303565'.

[Tue Apr 11 16:47:48 2023]
rule trim1:
    input: /work/users/m/a/marielle/work/subMPRA/fastq/sub_2C_R_AD-2C_R_GGAGCTAC_S2_L001_R1_001.fastq.gz
    output: output/AD_THP1_RNA_LPS_0_WT_2_1/AD_THP1_RNA_LPS_0_WT_2_1_trim1.fastq.gz
    log: output/logs/AD_THP1_RNA_LPS_0_WT_2_1_trim1.err
    jobid: 97
    wildcards: group=AD_THP1_RNA_LPS_0_WT_2_1


        module load cutadapt
        cutadapt -g NCTAGA -o output/AD_THP1_RNA_LPS_0_WT_2_1/AD_THP1_RNA_LPS_0_WT_2_1_trim1.fastq.gz /work/users/m/a/marielle/work/subMPRA/fastq/sub_2C_R_AD-2C_R_GGAGCTAC_S2_L001_R1_001.fastq.gz
        
Submitted job 97 with external jobid '5303566'.

[Tue Apr 11 16:47:48 2023]
rule trim1:
    input: /work/users/m/a/marielle/work/subMPRA/fastq/sub_4T_R_AD-4T_R_ATCTCAGG_S6_L001_R1_001.fastq.gz
    output: output/AD_THP1_RNA_LPS_1440_WT_4_1/AD_THP1_RNA_LPS_1440_WT_4_1_trim1.fastq.gz
    log: output/logs/AD_THP1_RNA_LPS_1440_WT_4_1_trim1.err
    jobid: 98
    wildcards: group=AD_THP1_RNA_LPS_1440_WT_4_1


        module load cutadapt
        cutadapt -g NCTAGA -o output/AD_THP1_RNA_LPS_1440_WT_4_1/AD_THP1_RNA_LPS_1440_WT_4_1_trim1.fastq.gz /work/users/m/a/marielle/work/subMPRA/fastq/sub_4T_R_AD-4T_R_ATCTCAGG_S6_L001_R1_001.fastq.gz
        
Submitted job 98 with external jobid '5303567'.

[Tue Apr 11 16:47:48 2023]
rule trim1:
    input: /work/users/m/a/marielle/work/subMPRA/fastq/sub_11C_R_AD-11C_R_ATCTCAGG_S19_L004_R1_001.fastq.gz
    output: output/AD_THP1_RNA_LPS_0_WT_11_1/AD_THP1_RNA_LPS_0_WT_11_1_trim1.fastq.gz
    log: output/logs/AD_THP1_RNA_LPS_0_WT_11_1_trim1.err
    jobid: 99
    wildcards: group=AD_THP1_RNA_LPS_0_WT_11_1


        module load cutadapt
        cutadapt -g NCTAGA -o output/AD_THP1_RNA_LPS_0_WT_11_1/AD_THP1_RNA_LPS_0_WT_11_1_trim1.fastq.gz /work/users/m/a/marielle/work/subMPRA/fastq/sub_11C_R_AD-11C_R_ATCTCAGG_S19_L004_R1_001.fastq.gz
        
Submitted job 99 with external jobid '5303568'.

[Tue Apr 11 16:47:49 2023]
rule trim1:
    input: /work/users/m/a/marielle/work/subMPRA/fastq/sub_4C_R_AD-4C_R_CGGAGCCT_S5_L001_R1_001.fastq.gz
    output: output/AD_THP1_RNA_LPS_0_WT_4_1/AD_THP1_RNA_LPS_0_WT_4_1_trim1.fastq.gz
    log: output/logs/AD_THP1_RNA_LPS_0_WT_4_1_trim1.err
    jobid: 100
    wildcards: group=AD_THP1_RNA_LPS_0_WT_4_1


        module load cutadapt
        cutadapt -g NCTAGA -o output/AD_THP1_RNA_LPS_0_WT_4_1/AD_THP1_RNA_LPS_0_WT_4_1_trim1.fastq.gz /work/users/m/a/marielle/work/subMPRA/fastq/sub_4C_R_AD-4C_R_CGGAGCCT_S5_L001_R1_001.fastq.gz
        
Submitted job 100 with external jobid '5303569'.
[Tue Apr 11 16:48:28 2023]
Finished job 101.
1 of 104 steps (0.96%) done
[Tue Apr 11 16:48:28 2023]
Finished job 97.
2 of 104 steps (2%) done
[Tue Apr 11 16:48:28 2023]
Finished job 98.
3 of 104 steps (3%) done
[Tue Apr 11 16:48:28 2023]
Finished job 99.
4 of 104 steps (4%) done
[Tue Apr 11 16:48:28 2023]
Finished job 100.
5 of 104 steps (5%) done

[Tue Apr 11 16:48:28 2023]
rule trim2:
    input: output/AD_THP1_RNA_LPS_1440_WT_13_1/AD_THP1_RNA_LPS_1440_WT_13_1_trim1.fastq.gz
    output: output/AD_THP1_RNA_LPS_1440_WT_13_1/AD_THP1_RNA_LPS_1440_WT_13_1_trim2.fastq.gz
    log: output/logs/AD_THP1_RNA_LPS_1440_WT_13_1_trim2.err
    jobid: 76
    wildcards: group=AD_THP1_RNA_LPS_1440_WT_13_1


        module load cutadapt
        cutadapt -a ACTAGTGCA -o output/AD_THP1_RNA_LPS_1440_WT_13_1/AD_THP1_RNA_LPS_1440_WT_13_1_trim2.fastq.gz output/AD_THP1_RNA_LPS_1440_WT_13_1/AD_THP1_RNA_LPS_1440_WT_13_1_trim1.fastq.gz
        
Submitted job 76 with external jobid '5303604'.

[Tue Apr 11 16:48:28 2023]
rule trim2:
    input: output/AD_THP1_RNA_LPS_0_WT_4_1/AD_THP1_RNA_LPS_0_WT_4_1_trim1.fastq.gz
    output: output/AD_THP1_RNA_LPS_0_WT_4_1/AD_THP1_RNA_LPS_0_WT_4_1_trim2.fastq.gz
    log: output/logs/AD_THP1_RNA_LPS_0_WT_4_1_trim2.err
    jobid: 75
    wildcards: group=AD_THP1_RNA_LPS_0_WT_4_1


        module load cutadapt
        cutadapt -a ACTAGTGCA -o output/AD_THP1_RNA_LPS_0_WT_4_1/AD_THP1_RNA_LPS_0_WT_4_1_trim2.fastq.gz output/AD_THP1_RNA_LPS_0_WT_4_1/AD_THP1_RNA_LPS_0_WT_4_1_trim1.fastq.gz
        
Submitted job 75 with external jobid '5303605'.

[Tue Apr 11 16:48:28 2023]
rule trim2:
    input: output/AD_THP1_RNA_LPS_0_WT_11_1/AD_THP1_RNA_LPS_0_WT_11_1_trim1.fastq.gz
    output: output/AD_THP1_RNA_LPS_0_WT_11_1/AD_THP1_RNA_LPS_0_WT_11_1_trim2.fastq.gz
    log: output/logs/AD_THP1_RNA_LPS_0_WT_11_1_trim2.err
    jobid: 74
    wildcards: group=AD_THP1_RNA_LPS_0_WT_11_1


        module load cutadapt
        cutadapt -a ACTAGTGCA -o output/AD_THP1_RNA_LPS_0_WT_11_1/AD_THP1_RNA_LPS_0_WT_11_1_trim2.fastq.gz output/AD_THP1_RNA_LPS_0_WT_11_1/AD_THP1_RNA_LPS_0_WT_11_1_trim1.fastq.gz
        
Submitted job 74 with external jobid '5303606'.

[Tue Apr 11 16:48:28 2023]
rule trim2:
    input: output/AD_THP1_RNA_LPS_1440_WT_4_1/AD_THP1_RNA_LPS_1440_WT_4_1_trim1.fastq.gz
    output: output/AD_THP1_RNA_LPS_1440_WT_4_1/AD_THP1_RNA_LPS_1440_WT_4_1_trim2.fastq.gz
    log: output/logs/AD_THP1_RNA_LPS_1440_WT_4_1_trim2.err
    jobid: 73
    wildcards: group=AD_THP1_RNA_LPS_1440_WT_4_1


        module load cutadapt
        cutadapt -a ACTAGTGCA -o output/AD_THP1_RNA_LPS_1440_WT_4_1/AD_THP1_RNA_LPS_1440_WT_4_1_trim2.fastq.gz output/AD_THP1_RNA_LPS_1440_WT_4_1/AD_THP1_RNA_LPS_1440_WT_4_1_trim1.fastq.gz
        
Submitted job 73 with external jobid '5303607'.

[Tue Apr 11 16:48:28 2023]
rule trim2:
    input: output/AD_THP1_RNA_LPS_0_WT_2_1/AD_THP1_RNA_LPS_0_WT_2_1_trim1.fastq.gz
    output: output/AD_THP1_RNA_LPS_0_WT_2_1/AD_THP1_RNA_LPS_0_WT_2_1_trim2.fastq.gz
    log: output/logs/AD_THP1_RNA_LPS_0_WT_2_1_trim2.err
    jobid: 72
    wildcards: group=AD_THP1_RNA_LPS_0_WT_2_1


        module load cutadapt
        cutadapt -a ACTAGTGCA -o output/AD_THP1_RNA_LPS_0_WT_2_1/AD_THP1_RNA_LPS_0_WT_2_1_trim2.fastq.gz output/AD_THP1_RNA_LPS_0_WT_2_1/AD_THP1_RNA_LPS_0_WT_2_1_trim1.fastq.gz
        
Submitted job 72 with external jobid '5303608'.
[Tue Apr 11 16:48:39 2023]
Finished job 82.
6 of 104 steps (6%) done
[Tue Apr 11 16:48:39 2023]
Finished job 83.
7 of 104 steps (7%) done
[Tue Apr 11 16:48:39 2023]
Finished job 84.
8 of 104 steps (8%) done
[Tue Apr 11 16:48:39 2023]
Finished job 85.
9 of 104 steps (9%) done
[Tue Apr 11 16:48:39 2023]
Finished job 80.
10 of 104 steps (10%) done

[Tue Apr 11 16:48:39 2023]
rule trim2:
    input: output/AD_THP1_RNA_LPS_0_WT_12_1/AD_THP1_RNA_LPS_0_WT_12_1_trim1.fastq.gz
    output: output/AD_THP1_RNA_LPS_0_WT_12_1/AD_THP1_RNA_LPS_0_WT_12_1_trim2.fastq.gz
    log: output/logs/AD_THP1_RNA_LPS_0_WT_12_1_trim2.err
    jobid: 57
    wildcards: group=AD_THP1_RNA_LPS_0_WT_12_1


        module load cutadapt
        cutadapt -a ACTAGTGCA -o output/AD_THP1_RNA_LPS_0_WT_12_1/AD_THP1_RNA_LPS_0_WT_12_1_trim2.fastq.gz output/AD_THP1_RNA_LPS_0_WT_12_1/AD_THP1_RNA_LPS_0_WT_12_1_trim1.fastq.gz
        
Submitted job 57 with external jobid '5303612'.

[Tue Apr 11 16:48:39 2023]
rule trim2:
    input: output/AD_THP1_RNA_LPS_1440_WT_9_1/AD_THP1_RNA_LPS_1440_WT_9_1_trim1.fastq.gz
    output: output/AD_THP1_RNA_LPS_1440_WT_9_1/AD_THP1_RNA_LPS_1440_WT_9_1_trim2.fastq.gz
    log: output/logs/AD_THP1_RNA_LPS_1440_WT_9_1_trim2.err
    jobid: 59
    wildcards: group=AD_THP1_RNA_LPS_1440_WT_9_1


        module load cutadapt
        cutadapt -a ACTAGTGCA -o output/AD_THP1_RNA_LPS_1440_WT_9_1/AD_THP1_RNA_LPS_1440_WT_9_1_trim2.fastq.gz output/AD_THP1_RNA_LPS_1440_WT_9_1/AD_THP1_RNA_LPS_1440_WT_9_1_trim1.fastq.gz
        
Submitted job 59 with external jobid '5303613'.

[Tue Apr 11 16:48:40 2023]
rule trim2:
    input: output/AD_THP1_RNA_LPS_1440_WT_1_1/AD_THP1_RNA_LPS_1440_WT_1_1_trim1.fastq.gz
    output: output/AD_THP1_RNA_LPS_1440_WT_1_1/AD_THP1_RNA_LPS_1440_WT_1_1_trim2.fastq.gz
    log: output/logs/AD_THP1_RNA_LPS_1440_WT_1_1_trim2.err
    jobid: 60
    wildcards: group=AD_THP1_RNA_LPS_1440_WT_1_1


        module load cutadapt
        cutadapt -a ACTAGTGCA -o output/AD_THP1_RNA_LPS_1440_WT_1_1/AD_THP1_RNA_LPS_1440_WT_1_1_trim2.fastq.gz output/AD_THP1_RNA_LPS_1440_WT_1_1/AD_THP1_RNA_LPS_1440_WT_1_1_trim1.fastq.gz
        
Submitted job 60 with external jobid '5303614'.

[Tue Apr 11 16:48:40 2023]
rule trim2:
    input: output/AD_THP1_RNA_LPS_0_WT_8_1/AD_THP1_RNA_LPS_0_WT_8_1_trim1.fastq.gz
    output: output/AD_THP1_RNA_LPS_0_WT_8_1/AD_THP1_RNA_LPS_0_WT_8_1_trim2.fastq.gz
    log: output/logs/AD_THP1_RNA_LPS_0_WT_8_1_trim2.err
    jobid: 58
    wildcards: group=AD_THP1_RNA_LPS_0_WT_8_1


        module load cutadapt
        cutadapt -a ACTAGTGCA -o output/AD_THP1_RNA_LPS_0_WT_8_1/AD_THP1_RNA_LPS_0_WT_8_1_trim2.fastq.gz output/AD_THP1_RNA_LPS_0_WT_8_1/AD_THP1_RNA_LPS_0_WT_8_1_trim1.fastq.gz
        
Submitted job 58 with external jobid '5303615'.

[Tue Apr 11 16:48:40 2023]
rule trim2:
    input: output/AD_THP1_RNA_LPS_0_WT_10_1/AD_THP1_RNA_LPS_0_WT_10_1_trim1.fastq.gz
    output: output/AD_THP1_RNA_LPS_0_WT_10_1/AD_THP1_RNA_LPS_0_WT_10_1_trim2.fastq.gz
    log: output/logs/AD_THP1_RNA_LPS_0_WT_10_1_trim2.err
    jobid: 55
    wildcards: group=AD_THP1_RNA_LPS_0_WT_10_1


        module load cutadapt
        cutadapt -a ACTAGTGCA -o output/AD_THP1_RNA_LPS_0_WT_10_1/AD_THP1_RNA_LPS_0_WT_10_1_trim2.fastq.gz output/AD_THP1_RNA_LPS_0_WT_10_1/AD_THP1_RNA_LPS_0_WT_10_1_trim1.fastq.gz
        
Submitted job 55 with external jobid '5303616'.
[Tue Apr 11 16:48:40 2023]
Finished job 81.
11 of 104 steps (11%) done
[Tue Apr 11 16:48:40 2023]
Finished job 79.
12 of 104 steps (12%) done
[Tue Apr 11 16:48:40 2023]
Finished job 91.
13 of 104 steps (12%) done
[Tue Apr 11 16:48:40 2023]
Finished job 92.
14 of 104 steps (13%) done
[Tue Apr 11 16:48:40 2023]
Finished job 90.
15 of 104 steps (14%) done

[Tue Apr 11 16:48:40 2023]
rule trim2:
    input: output/AD_THP1_RNA_LPS_1440_WT_10_1/AD_THP1_RNA_LPS_1440_WT_10_1_trim1.fastq.gz
    output: output/AD_THP1_RNA_LPS_1440_WT_10_1/AD_THP1_RNA_LPS_1440_WT_10_1_trim2.fastq.gz
    log: output/logs/AD_THP1_RNA_LPS_1440_WT_10_1_trim2.err
    jobid: 56
    wildcards: group=AD_THP1_RNA_LPS_1440_WT_10_1


        module load cutadapt
        cutadapt -a ACTAGTGCA -o output/AD_THP1_RNA_LPS_1440_WT_10_1/AD_THP1_RNA_LPS_1440_WT_10_1_trim2.fastq.gz output/AD_THP1_RNA_LPS_1440_WT_10_1/AD_THP1_RNA_LPS_1440_WT_10_1_trim1.fastq.gz
        
[Tue Apr 11 16:48:41 2023]
Finished job 88.
16 of 104 steps (15%) done
[Tue Apr 11 16:48:41 2023]
Finished job 89.
17 of 104 steps (16%) done
[Tue Apr 11 16:48:41 2023]
Finished job 86.
18 of 104 steps (17%) done
[Tue Apr 11 16:48:41 2023]
Finished job 87.
19 of 104 steps (18%) done
[Tue Apr 11 16:48:41 2023]
Finished job 96.
20 of 104 steps (19%) done
[Tue Apr 11 16:48:42 2023]
Finished job 95.
21 of 104 steps (20%) done
[Tue Apr 11 16:48:42 2023]
Finished job 94.
22 of 104 steps (21%) done
[Tue Apr 11 16:48:42 2023]
Finished job 93.
23 of 104 steps (22%) done
[Tue Apr 11 16:48:42 2023]
Finished job 102.
24 of 104 steps (23%) done
[Tue Apr 11 16:48:42 2023]
Finished job 103.
25 of 104 steps (24%) done
Submitted job 56 with external jobid '5303617'.

[Tue Apr 11 16:48:42 2023]
rule trim2:
    input: output/AD_THP1_RNA_LPS_0_WT_3_1/AD_THP1_RNA_LPS_0_WT_3_1_trim1.fastq.gz
    output: output/AD_THP1_RNA_LPS_0_WT_3_1/AD_THP1_RNA_LPS_0_WT_3_1_trim2.fastq.gz
    log: output/logs/AD_THP1_RNA_LPS_0_WT_3_1_trim2.err
    jobid: 67
    wildcards: group=AD_THP1_RNA_LPS_0_WT_3_1


        module load cutadapt
        cutadapt -a ACTAGTGCA -o output/AD_THP1_RNA_LPS_0_WT_3_1/AD_THP1_RNA_LPS_0_WT_3_1_trim2.fastq.gz output/AD_THP1_RNA_LPS_0_WT_3_1/AD_THP1_RNA_LPS_0_WT_3_1_trim1.fastq.gz
        
Submitted job 67 with external jobid '5303618'.

[Tue Apr 11 16:48:42 2023]
rule trim2:
    input: output/AD_THP1_DNA_LPS_0_WT_1_1/AD_THP1_DNA_LPS_0_WT_1_1_trim1.fastq.gz
    output: output/AD_THP1_DNA_LPS_0_WT_1_1/AD_THP1_DNA_LPS_0_WT_1_1_trim2.fastq.gz
    log: output/logs/AD_THP1_DNA_LPS_0_WT_1_1_trim2.err
    jobid: 66
    wildcards: group=AD_THP1_DNA_LPS_0_WT_1_1


        module load cutadapt
        cutadapt -a ACTAGTGCA -o output/AD_THP1_DNA_LPS_0_WT_1_1/AD_THP1_DNA_LPS_0_WT_1_1_trim2.fastq.gz output/AD_THP1_DNA_LPS_0_WT_1_1/AD_THP1_DNA_LPS_0_WT_1_1_trim1.fastq.gz
        
Submitted job 66 with external jobid '5303619'.

[Tue Apr 11 16:48:42 2023]
rule trim2:
    input: output/AD_THP1_RNA_LPS_0_WT_13_1/AD_THP1_RNA_LPS_0_WT_13_1_trim1.fastq.gz
    output: output/AD_THP1_RNA_LPS_0_WT_13_1/AD_THP1_RNA_LPS_0_WT_13_1_trim2.fastq.gz
    log: output/logs/AD_THP1_RNA_LPS_0_WT_13_1_trim2.err
    jobid: 65
    wildcards: group=AD_THP1_RNA_LPS_0_WT_13_1


        module load cutadapt
        cutadapt -a ACTAGTGCA -o output/AD_THP1_RNA_LPS_0_WT_13_1/AD_THP1_RNA_LPS_0_WT_13_1_trim2.fastq.gz output/AD_THP1_RNA_LPS_0_WT_13_1/AD_THP1_RNA_LPS_0_WT_13_1_trim1.fastq.gz
        
Submitted job 65 with external jobid '5303620'.

[Tue Apr 11 16:48:42 2023]
rule trim2:
    input: output/AD_THP1_RNA_LPS_1440_WT_11_1/AD_THP1_RNA_LPS_1440_WT_11_1_trim1.fastq.gz
    output: output/AD_THP1_RNA_LPS_1440_WT_11_1/AD_THP1_RNA_LPS_1440_WT_11_1_trim2.fastq.gz
    log: output/logs/AD_THP1_RNA_LPS_1440_WT_11_1_trim2.err
    jobid: 64
    wildcards: group=AD_THP1_RNA_LPS_1440_WT_11_1


        module load cutadapt
        cutadapt -a ACTAGTGCA -o output/AD_THP1_RNA_LPS_1440_WT_11_1/AD_THP1_RNA_LPS_1440_WT_11_1_trim2.fastq.gz output/AD_THP1_RNA_LPS_1440_WT_11_1/AD_THP1_RNA_LPS_1440_WT_11_1_trim1.fastq.gz
        
Submitted job 64 with external jobid '5303621'.

[Tue Apr 11 16:48:43 2023]
rule trim2:
    input: output/AD_THP1_RNA_LPS_1440_WT_6_1/AD_THP1_RNA_LPS_1440_WT_6_1_trim1.fastq.gz
    output: output/AD_THP1_RNA_LPS_1440_WT_6_1/AD_THP1_RNA_LPS_1440_WT_6_1_trim2.fastq.gz
    log: output/logs/AD_THP1_RNA_LPS_1440_WT_6_1_trim2.err
    jobid: 63
    wildcards: group=AD_THP1_RNA_LPS_1440_WT_6_1


        module load cutadapt
        cutadapt -a ACTAGTGCA -o output/AD_THP1_RNA_LPS_1440_WT_6_1/AD_THP1_RNA_LPS_1440_WT_6_1_trim2.fastq.gz output/AD_THP1_RNA_LPS_1440_WT_6_1/AD_THP1_RNA_LPS_1440_WT_6_1_trim1.fastq.gz
        
Submitted job 63 with external jobid '5303640'.

[Tue Apr 11 16:48:43 2023]
rule trim2:
    input: output/AD_THP1_RNA_LPS_1440_WT_2_1/AD_THP1_RNA_LPS_1440_WT_2_1_trim1.fastq.gz
    output: output/AD_THP1_RNA_LPS_1440_WT_2_1/AD_THP1_RNA_LPS_1440_WT_2_1_trim2.fastq.gz
    log: output/logs/AD_THP1_RNA_LPS_1440_WT_2_1_trim2.err
    jobid: 62
    wildcards: group=AD_THP1_RNA_LPS_1440_WT_2_1


        module load cutadapt
        cutadapt -a ACTAGTGCA -o output/AD_THP1_RNA_LPS_1440_WT_2_1/AD_THP1_RNA_LPS_1440_WT_2_1_trim2.fastq.gz output/AD_THP1_RNA_LPS_1440_WT_2_1/AD_THP1_RNA_LPS_1440_WT_2_1_trim1.fastq.gz
        
Submitted job 62 with external jobid '5303641'.

[Tue Apr 11 16:48:44 2023]
rule trim2:
    input: output/AD_THP1_RNA_LPS_0_WT_6_1/AD_THP1_RNA_LPS_0_WT_6_1_trim1.fastq.gz
    output: output/AD_THP1_RNA_LPS_0_WT_6_1/AD_THP1_RNA_LPS_0_WT_6_1_trim2.fastq.gz
    log: output/logs/AD_THP1_RNA_LPS_0_WT_6_1_trim2.err
    jobid: 61
    wildcards: group=AD_THP1_RNA_LPS_0_WT_6_1


        module load cutadapt
        cutadapt -a ACTAGTGCA -o output/AD_THP1_RNA_LPS_0_WT_6_1/AD_THP1_RNA_LPS_0_WT_6_1_trim2.fastq.gz output/AD_THP1_RNA_LPS_0_WT_6_1/AD_THP1_RNA_LPS_0_WT_6_1_trim1.fastq.gz
        
Submitted job 61 with external jobid '5303642'.

[Tue Apr 11 16:48:45 2023]
rule trim2:
    input: output/AD_THP1_RNA_LPS_0_WT_9_1/AD_THP1_RNA_LPS_0_WT_9_1_trim1.fastq.gz
    output: output/AD_THP1_RNA_LPS_0_WT_9_1/AD_THP1_RNA_LPS_0_WT_9_1_trim2.fastq.gz
    log: output/logs/AD_THP1_RNA_LPS_0_WT_9_1_trim2.err
    jobid: 54
    wildcards: group=AD_THP1_RNA_LPS_0_WT_9_1


        module load cutadapt
        cutadapt -a ACTAGTGCA -o output/AD_THP1_RNA_LPS_0_WT_9_1/AD_THP1_RNA_LPS_0_WT_9_1_trim2.fastq.gz output/AD_THP1_RNA_LPS_0_WT_9_1/AD_THP1_RNA_LPS_0_WT_9_1_trim1.fastq.gz
        
Submitted job 54 with external jobid '5303643'.

[Tue Apr 11 16:48:45 2023]
rule trim2:
    input: output/AD_THP1_RNA_LPS_1440_WT_5_1/AD_THP1_RNA_LPS_1440_WT_5_1_trim1.fastq.gz
    output: output/AD_THP1_RNA_LPS_1440_WT_5_1/AD_THP1_RNA_LPS_1440_WT_5_1_trim2.fastq.gz
    log: output/logs/AD_THP1_RNA_LPS_1440_WT_5_1_trim2.err
    jobid: 78
    wildcards: group=AD_THP1_RNA_LPS_1440_WT_5_1


        module load cutadapt
        cutadapt -a ACTAGTGCA -o output/AD_THP1_RNA_LPS_1440_WT_5_1/AD_THP1_RNA_LPS_1440_WT_5_1_trim2.fastq.gz output/AD_THP1_RNA_LPS_1440_WT_5_1/AD_THP1_RNA_LPS_1440_WT_5_1_trim1.fastq.gz
        
Submitted job 78 with external jobid '5303644'.

[Tue Apr 11 16:48:45 2023]
rule trim2:
    input: output/AD_THP1_RNA_LPS_0_WT_5_1/AD_THP1_RNA_LPS_0_WT_5_1_trim1.fastq.gz
    output: output/AD_THP1_RNA_LPS_0_WT_5_1/AD_THP1_RNA_LPS_0_WT_5_1_trim2.fastq.gz
    log: output/logs/AD_THP1_RNA_LPS_0_WT_5_1_trim2.err
    jobid: 68
    wildcards: group=AD_THP1_RNA_LPS_0_WT_5_1


        module load cutadapt
        cutadapt -a ACTAGTGCA -o output/AD_THP1_RNA_LPS_0_WT_5_1/AD_THP1_RNA_LPS_0_WT_5_1_trim2.fastq.gz output/AD_THP1_RNA_LPS_0_WT_5_1/AD_THP1_RNA_LPS_0_WT_5_1_trim1.fastq.gz
        
Submitted job 68 with external jobid '5303645'.

[Tue Apr 11 16:48:45 2023]
rule trim2:
    input: output/AD_THP1_RNA_LPS_1440_WT_8_1/AD_THP1_RNA_LPS_1440_WT_8_1_trim1.fastq.gz
    output: output/AD_THP1_RNA_LPS_1440_WT_8_1/AD_THP1_RNA_LPS_1440_WT_8_1_trim2.fastq.gz
    log: output/logs/AD_THP1_RNA_LPS_1440_WT_8_1_trim2.err
    jobid: 77
    wildcards: group=AD_THP1_RNA_LPS_1440_WT_8_1


        module load cutadapt
        cutadapt -a ACTAGTGCA -o output/AD_THP1_RNA_LPS_1440_WT_8_1/AD_THP1_RNA_LPS_1440_WT_8_1_trim2.fastq.gz output/AD_THP1_RNA_LPS_1440_WT_8_1/AD_THP1_RNA_LPS_1440_WT_8_1_trim1.fastq.gz
        
Submitted job 77 with external jobid '5303646'.

[Tue Apr 11 16:48:46 2023]
rule trim2:
    input: output/AD_THP1_RNA_LPS_1440_WT_7_1/AD_THP1_RNA_LPS_1440_WT_7_1_trim1.fastq.gz
    output: output/AD_THP1_RNA_LPS_1440_WT_7_1/AD_THP1_RNA_LPS_1440_WT_7_1_trim2.fastq.gz
    log: output/logs/AD_THP1_RNA_LPS_1440_WT_7_1_trim2.err
    jobid: 71
    wildcards: group=AD_THP1_RNA_LPS_1440_WT_7_1


        module load cutadapt
        cutadapt -a ACTAGTGCA -o output/AD_THP1_RNA_LPS_1440_WT_7_1/AD_THP1_RNA_LPS_1440_WT_7_1_trim2.fastq.gz output/AD_THP1_RNA_LPS_1440_WT_7_1/AD_THP1_RNA_LPS_1440_WT_7_1_trim1.fastq.gz
        
Submitted job 71 with external jobid '5303649'.

[Tue Apr 11 16:48:47 2023]
rule trim2:
    input: output/AD_THP1_RNA_LPS_1440_WT_12_1/AD_THP1_RNA_LPS_1440_WT_12_1_trim1.fastq.gz
    output: output/AD_THP1_RNA_LPS_1440_WT_12_1/AD_THP1_RNA_LPS_1440_WT_12_1_trim2.fastq.gz
    log: output/logs/AD_THP1_RNA_LPS_1440_WT_12_1_trim2.err
    jobid: 70
    wildcards: group=AD_THP1_RNA_LPS_1440_WT_12_1


        module load cutadapt
        cutadapt -a ACTAGTGCA -o output/AD_THP1_RNA_LPS_1440_WT_12_1/AD_THP1_RNA_LPS_1440_WT_12_1_trim2.fastq.gz output/AD_THP1_RNA_LPS_1440_WT_12_1/AD_THP1_RNA_LPS_1440_WT_12_1_trim1.fastq.gz
        
Submitted job 70 with external jobid '5303650'.

[Tue Apr 11 16:48:47 2023]
rule trim2:
    input: output/AD_THP1_RNA_LPS_0_WT_7_1/AD_THP1_RNA_LPS_0_WT_7_1_trim1.fastq.gz
    output: output/AD_THP1_RNA_LPS_0_WT_7_1/AD_THP1_RNA_LPS_0_WT_7_1_trim2.fastq.gz
    log: output/logs/AD_THP1_RNA_LPS_0_WT_7_1_trim2.err
    jobid: 69
    wildcards: group=AD_THP1_RNA_LPS_0_WT_7_1


        module load cutadapt
        cutadapt -a ACTAGTGCA -o output/AD_THP1_RNA_LPS_0_WT_7_1/AD_THP1_RNA_LPS_0_WT_7_1_trim2.fastq.gz output/AD_THP1_RNA_LPS_0_WT_7_1/AD_THP1_RNA_LPS_0_WT_7_1_trim1.fastq.gz
        
Submitted job 69 with external jobid '5303651'.
Waiting at most 500 seconds for missing files.
Removing temporary output file output/AD_THP1_RNA_LPS_0_WT_12_1/AD_THP1_RNA_LPS_0_WT_12_1_trim1.fastq.gz.
[Tue Apr 11 16:49:10 2023]
Finished job 57.
26 of 104 steps (25%) done

[Tue Apr 11 16:49:10 2023]
rule align1:
    input: output/AD_THP1_RNA_LPS_0_WT_12_1/AD_THP1_RNA_LPS_0_WT_12_1_trim2.fastq.gz
    output: output/AD_THP1_RNA_LPS_0_WT_12_1/AD_THP1_RNA_LPS_0_WT_12_1_aligned.sai
    log: output/logs/AD_THP1_RNA_LPS_0_WT_12_1_align1.err
    jobid: 4
    wildcards: group=AD_THP1_RNA_LPS_0_WT_12_1


        module load bwa
        bwa aln /work/users/m/a/marielle/proj/AD/MPRA/batch2/output/barcode.fasta output/AD_THP1_RNA_LPS_0_WT_12_1/AD_THP1_RNA_LPS_0_WT_12_1_trim2.fastq.gz > output/AD_THP1_RNA_LPS_0_WT_12_1/AD_THP1_RNA_LPS_0_WT_12_1_aligned.sai
        
Removing temporary output file output/AD_THP1_RNA_LPS_1440_WT_9_1/AD_THP1_RNA_LPS_1440_WT_9_1_trim1.fastq.gz.
[Tue Apr 11 16:49:10 2023]
Finished job 59.
27 of 104 steps (26%) done
Removing temporary output file output/AD_THP1_RNA_LPS_1440_WT_1_1/AD_THP1_RNA_LPS_1440_WT_1_1_trim1.fastq.gz.
[Tue Apr 11 16:49:10 2023]
Finished job 60.
28 of 104 steps (27%) done
Removing temporary output file output/AD_THP1_RNA_LPS_0_WT_8_1/AD_THP1_RNA_LPS_0_WT_8_1_trim1.fastq.gz.
[Tue Apr 11 16:49:10 2023]
Finished job 58.
29 of 104 steps (28%) done
Removing temporary output file output/AD_THP1_RNA_LPS_0_WT_10_1/AD_THP1_RNA_LPS_0_WT_10_1_trim1.fastq.gz.
[Tue Apr 11 16:49:10 2023]
Finished job 55.
30 of 104 steps (29%) done
Submitted job 4 with external jobid '5303655'.

[Tue Apr 11 16:49:10 2023]
rule align1:
    input: output/AD_THP1_RNA_LPS_0_WT_10_1/AD_THP1_RNA_LPS_0_WT_10_1_trim2.fastq.gz
    output: output/AD_THP1_RNA_LPS_0_WT_10_1/AD_THP1_RNA_LPS_0_WT_10_1_aligned.sai
    log: output/logs/AD_THP1_RNA_LPS_0_WT_10_1_align1.err
    jobid: 2
    wildcards: group=AD_THP1_RNA_LPS_0_WT_10_1


        module load bwa
        bwa aln /work/users/m/a/marielle/proj/AD/MPRA/batch2/output/barcode.fasta output/AD_THP1_RNA_LPS_0_WT_10_1/AD_THP1_RNA_LPS_0_WT_10_1_trim2.fastq.gz > output/AD_THP1_RNA_LPS_0_WT_10_1/AD_THP1_RNA_LPS_0_WT_10_1_aligned.sai
        
Submitted job 2 with external jobid '5303656'.

[Tue Apr 11 16:49:10 2023]
rule align1:
    input: output/AD_THP1_RNA_LPS_0_WT_8_1/AD_THP1_RNA_LPS_0_WT_8_1_trim2.fastq.gz
    output: output/AD_THP1_RNA_LPS_0_WT_8_1/AD_THP1_RNA_LPS_0_WT_8_1_aligned.sai
    log: output/logs/AD_THP1_RNA_LPS_0_WT_8_1_align1.err
    jobid: 5
    wildcards: group=AD_THP1_RNA_LPS_0_WT_8_1


        module load bwa
        bwa aln /work/users/m/a/marielle/proj/AD/MPRA/batch2/output/barcode.fasta output/AD_THP1_RNA_LPS_0_WT_8_1/AD_THP1_RNA_LPS_0_WT_8_1_trim2.fastq.gz > output/AD_THP1_RNA_LPS_0_WT_8_1/AD_THP1_RNA_LPS_0_WT_8_1_aligned.sai
        
Submitted job 5 with external jobid '5303657'.

[Tue Apr 11 16:49:10 2023]
rule align1:
    input: output/AD_THP1_RNA_LPS_1440_WT_9_1/AD_THP1_RNA_LPS_1440_WT_9_1_trim2.fastq.gz
    output: output/AD_THP1_RNA_LPS_1440_WT_9_1/AD_THP1_RNA_LPS_1440_WT_9_1_aligned.sai
    log: output/logs/AD_THP1_RNA_LPS_1440_WT_9_1_align1.err
    jobid: 6
    wildcards: group=AD_THP1_RNA_LPS_1440_WT_9_1


        module load bwa
        bwa aln /work/users/m/a/marielle/proj/AD/MPRA/batch2/output/barcode.fasta output/AD_THP1_RNA_LPS_1440_WT_9_1/AD_THP1_RNA_LPS_1440_WT_9_1_trim2.fastq.gz > output/AD_THP1_RNA_LPS_1440_WT_9_1/AD_THP1_RNA_LPS_1440_WT_9_1_aligned.sai
        
Submitted job 6 with external jobid '5303658'.

[Tue Apr 11 16:49:10 2023]
rule align1:
    input: output/AD_THP1_RNA_LPS_1440_WT_1_1/AD_THP1_RNA_LPS_1440_WT_1_1_trim2.fastq.gz
    output: output/AD_THP1_RNA_LPS_1440_WT_1_1/AD_THP1_RNA_LPS_1440_WT_1_1_aligned.sai
    log: output/logs/AD_THP1_RNA_LPS_1440_WT_1_1_align1.err
    jobid: 7
    wildcards: group=AD_THP1_RNA_LPS_1440_WT_1_1


        module load bwa
        bwa aln /work/users/m/a/marielle/proj/AD/MPRA/batch2/output/barcode.fasta output/AD_THP1_RNA_LPS_1440_WT_1_1/AD_THP1_RNA_LPS_1440_WT_1_1_trim2.fastq.gz > output/AD_THP1_RNA_LPS_1440_WT_1_1/AD_THP1_RNA_LPS_1440_WT_1_1_aligned.sai
        
Submitted job 7 with external jobid '5303659'.
Removing temporary output file output/AD_THP1_RNA_LPS_1440_WT_13_1/AD_THP1_RNA_LPS_1440_WT_13_1_trim1.fastq.gz.
[Tue Apr 11 16:49:12 2023]
Finished job 76.
31 of 104 steps (30%) done
Removing temporary output file output/AD_THP1_RNA_LPS_0_WT_4_1/AD_THP1_RNA_LPS_0_WT_4_1_trim1.fastq.gz.
[Tue Apr 11 16:49:12 2023]
Finished job 75.
32 of 104 steps (31%) done
Removing temporary output file output/AD_THP1_RNA_LPS_0_WT_11_1/AD_THP1_RNA_LPS_0_WT_11_1_trim1.fastq.gz.
[Tue Apr 11 16:49:12 2023]
Finished job 74.
33 of 104 steps (32%) done
Removing temporary output file output/AD_THP1_RNA_LPS_1440_WT_4_1/AD_THP1_RNA_LPS_1440_WT_4_1_trim1.fastq.gz.
[Tue Apr 11 16:49:12 2023]
Finished job 73.
34 of 104 steps (33%) done
Removing temporary output file output/AD_THP1_RNA_LPS_0_WT_2_1/AD_THP1_RNA_LPS_0_WT_2_1_trim1.fastq.gz.
[Tue Apr 11 16:49:12 2023]
Finished job 72.
35 of 104 steps (34%) done

[Tue Apr 11 16:49:13 2023]
rule align1:
    input: output/AD_THP1_RNA_LPS_1440_WT_13_1/AD_THP1_RNA_LPS_1440_WT_13_1_trim2.fastq.gz
    output: output/AD_THP1_RNA_LPS_1440_WT_13_1/AD_THP1_RNA_LPS_1440_WT_13_1_aligned.sai
    log: output/logs/AD_THP1_RNA_LPS_1440_WT_13_1_align1.err
    jobid: 23
    wildcards: group=AD_THP1_RNA_LPS_1440_WT_13_1


        module load bwa
        bwa aln /work/users/m/a/marielle/proj/AD/MPRA/batch2/output/barcode.fasta output/AD_THP1_RNA_LPS_1440_WT_13_1/AD_THP1_RNA_LPS_1440_WT_13_1_trim2.fastq.gz > output/AD_THP1_RNA_LPS_1440_WT_13_1/AD_THP1_RNA_LPS_1440_WT_13_1_aligned.sai
        
Submitted job 23 with external jobid '5303660'.

[Tue Apr 11 16:49:13 2023]
rule align1:
    input: output/AD_THP1_RNA_LPS_0_WT_4_1/AD_THP1_RNA_LPS_0_WT_4_1_trim2.fastq.gz
    output: output/AD_THP1_RNA_LPS_0_WT_4_1/AD_THP1_RNA_LPS_0_WT_4_1_aligned.sai
    log: output/logs/AD_THP1_RNA_LPS_0_WT_4_1_align1.err
    jobid: 22
    wildcards: group=AD_THP1_RNA_LPS_0_WT_4_1


        module load bwa
        bwa aln /work/users/m/a/marielle/proj/AD/MPRA/batch2/output/barcode.fasta output/AD_THP1_RNA_LPS_0_WT_4_1/AD_THP1_RNA_LPS_0_WT_4_1_trim2.fastq.gz > output/AD_THP1_RNA_LPS_0_WT_4_1/AD_THP1_RNA_LPS_0_WT_4_1_aligned.sai
        
Submitted job 22 with external jobid '5303661'.

[Tue Apr 11 16:49:13 2023]
rule align1:
    input: output/AD_THP1_RNA_LPS_0_WT_11_1/AD_THP1_RNA_LPS_0_WT_11_1_trim2.fastq.gz
    output: output/AD_THP1_RNA_LPS_0_WT_11_1/AD_THP1_RNA_LPS_0_WT_11_1_aligned.sai
    log: output/logs/AD_THP1_RNA_LPS_0_WT_11_1_align1.err
    jobid: 21
    wildcards: group=AD_THP1_RNA_LPS_0_WT_11_1


        module load bwa
        bwa aln /work/users/m/a/marielle/proj/AD/MPRA/batch2/output/barcode.fasta output/AD_THP1_RNA_LPS_0_WT_11_1/AD_THP1_RNA_LPS_0_WT_11_1_trim2.fastq.gz > output/AD_THP1_RNA_LPS_0_WT_11_1/AD_THP1_RNA_LPS_0_WT_11_1_aligned.sai
        
Submitted job 21 with external jobid '5303662'.

[Tue Apr 11 16:49:13 2023]
rule align1:
    input: output/AD_THP1_RNA_LPS_1440_WT_4_1/AD_THP1_RNA_LPS_1440_WT_4_1_trim2.fastq.gz
    output: output/AD_THP1_RNA_LPS_1440_WT_4_1/AD_THP1_RNA_LPS_1440_WT_4_1_aligned.sai
    log: output/logs/AD_THP1_RNA_LPS_1440_WT_4_1_align1.err
    jobid: 20
    wildcards: group=AD_THP1_RNA_LPS_1440_WT_4_1


        module load bwa
        bwa aln /work/users/m/a/marielle/proj/AD/MPRA/batch2/output/barcode.fasta output/AD_THP1_RNA_LPS_1440_WT_4_1/AD_THP1_RNA_LPS_1440_WT_4_1_trim2.fastq.gz > output/AD_THP1_RNA_LPS_1440_WT_4_1/AD_THP1_RNA_LPS_1440_WT_4_1_aligned.sai
        
Submitted job 20 with external jobid '5303663'.

[Tue Apr 11 16:49:13 2023]
rule align1:
    input: output/AD_THP1_RNA_LPS_0_WT_2_1/AD_THP1_RNA_LPS_0_WT_2_1_trim2.fastq.gz
    output: output/AD_THP1_RNA_LPS_0_WT_2_1/AD_THP1_RNA_LPS_0_WT_2_1_aligned.sai
    log: output/logs/AD_THP1_RNA_LPS_0_WT_2_1_align1.err
    jobid: 19
    wildcards: group=AD_THP1_RNA_LPS_0_WT_2_1


        module load bwa
        bwa aln /work/users/m/a/marielle/proj/AD/MPRA/batch2/output/barcode.fasta output/AD_THP1_RNA_LPS_0_WT_2_1/AD_THP1_RNA_LPS_0_WT_2_1_trim2.fastq.gz > output/AD_THP1_RNA_LPS_0_WT_2_1/AD_THP1_RNA_LPS_0_WT_2_1_aligned.sai
        
Submitted job 19 with external jobid '5303664'.
[Tue Apr 11 16:49:56 2023]
Finished job 23.
36 of 104 steps (35%) done
[Tue Apr 11 16:49:56 2023]
Finished job 22.
37 of 104 steps (36%) done
[Tue Apr 11 16:49:56 2023]
Finished job 21.
38 of 104 steps (37%) done
[Tue Apr 11 16:49:56 2023]
Finished job 20.
39 of 104 steps (38%) done
[Tue Apr 11 16:49:56 2023]
Finished job 19.
40 of 104 steps (38%) done

[Tue Apr 11 16:49:57 2023]
rule align2:
    input: output/AD_THP1_RNA_LPS_1440_WT_13_1/AD_THP1_RNA_LPS_1440_WT_13_1_aligned.sai, output/AD_THP1_RNA_LPS_1440_WT_13_1/AD_THP1_RNA_LPS_1440_WT_13_1_trim2.fastq.gz
    output: output/AD_THP1_RNA_LPS_1440_WT_13_1/AD_THP1_RNA_LPS_1440_WT_13_1_aligned.sam
    log: output/logs/AD_THP1_RNA_LPS_1440_WT_13_1_align2.err
    jobid: 48
    wildcards: group=AD_THP1_RNA_LPS_1440_WT_13_1


        module load bwa
        bwa samse /work/users/m/a/marielle/proj/AD/MPRA/batch2/output/barcode.fasta output/AD_THP1_RNA_LPS_1440_WT_13_1/AD_THP1_RNA_LPS_1440_WT_13_1_aligned.sai output/AD_THP1_RNA_LPS_1440_WT_13_1/AD_THP1_RNA_LPS_1440_WT_13_1_trim2.fastq.gz > output/AD_THP1_RNA_LPS_1440_WT_13_1/AD_THP1_RNA_LPS_1440_WT_13_1_aligned.sam
        
Submitted job 48 with external jobid '5303694'.

[Tue Apr 11 16:49:57 2023]
rule align2:
    input: output/AD_THP1_RNA_LPS_0_WT_4_1/AD_THP1_RNA_LPS_0_WT_4_1_aligned.sai, output/AD_THP1_RNA_LPS_0_WT_4_1/AD_THP1_RNA_LPS_0_WT_4_1_trim2.fastq.gz
    output: output/AD_THP1_RNA_LPS_0_WT_4_1/AD_THP1_RNA_LPS_0_WT_4_1_aligned.sam
    log: output/logs/AD_THP1_RNA_LPS_0_WT_4_1_align2.err
    jobid: 47
    wildcards: group=AD_THP1_RNA_LPS_0_WT_4_1


        module load bwa
        bwa samse /work/users/m/a/marielle/proj/AD/MPRA/batch2/output/barcode.fasta output/AD_THP1_RNA_LPS_0_WT_4_1/AD_THP1_RNA_LPS_0_WT_4_1_aligned.sai output/AD_THP1_RNA_LPS_0_WT_4_1/AD_THP1_RNA_LPS_0_WT_4_1_trim2.fastq.gz > output/AD_THP1_RNA_LPS_0_WT_4_1/AD_THP1_RNA_LPS_0_WT_4_1_aligned.sam
        
Removing temporary output file output/AD_THP1_RNA_LPS_1440_WT_10_1/AD_THP1_RNA_LPS_1440_WT_10_1_trim1.fastq.gz.
[Tue Apr 11 16:49:57 2023]
Finished job 56.
41 of 104 steps (39%) done
Removing temporary output file output/AD_THP1_RNA_LPS_0_WT_3_1/AD_THP1_RNA_LPS_0_WT_3_1_trim1.fastq.gz.
[Tue Apr 11 16:49:57 2023]
Finished job 67.
42 of 104 steps (40%) done
Submitted job 47 with external jobid '5303695'.
Removing temporary output file output/AD_THP1_DNA_LPS_0_WT_1_1/AD_THP1_DNA_LPS_0_WT_1_1_trim1.fastq.gz.
[Tue Apr 11 16:49:57 2023]
Finished job 66.
43 of 104 steps (41%) done

[Tue Apr 11 16:49:57 2023]
rule align2:
    input: output/AD_THP1_RNA_LPS_0_WT_11_1/AD_THP1_RNA_LPS_0_WT_11_1_aligned.sai, output/AD_THP1_RNA_LPS_0_WT_11_1/AD_THP1_RNA_LPS_0_WT_11_1_trim2.fastq.gz
    output: output/AD_THP1_RNA_LPS_0_WT_11_1/AD_THP1_RNA_LPS_0_WT_11_1_aligned.sam
    log: output/logs/AD_THP1_RNA_LPS_0_WT_11_1_align2.err
    jobid: 46
    wildcards: group=AD_THP1_RNA_LPS_0_WT_11_1


        module load bwa
        bwa samse /work/users/m/a/marielle/proj/AD/MPRA/batch2/output/barcode.fasta output/AD_THP1_RNA_LPS_0_WT_11_1/AD_THP1_RNA_LPS_0_WT_11_1_aligned.sai output/AD_THP1_RNA_LPS_0_WT_11_1/AD_THP1_RNA_LPS_0_WT_11_1_trim2.fastq.gz > output/AD_THP1_RNA_LPS_0_WT_11_1/AD_THP1_RNA_LPS_0_WT_11_1_aligned.sam
        
Removing temporary output file output/AD_THP1_RNA_LPS_0_WT_13_1/AD_THP1_RNA_LPS_0_WT_13_1_trim1.fastq.gz.
[Tue Apr 11 16:49:57 2023]
Finished job 65.
44 of 104 steps (42%) done
Submitted job 46 with external jobid '5303696'.

[Tue Apr 11 16:49:57 2023]
rule align2:
    input: output/AD_THP1_RNA_LPS_1440_WT_4_1/AD_THP1_RNA_LPS_1440_WT_4_1_aligned.sai, output/AD_THP1_RNA_LPS_1440_WT_4_1/AD_THP1_RNA_LPS_1440_WT_4_1_trim2.fastq.gz
    output: output/AD_THP1_RNA_LPS_1440_WT_4_1/AD_THP1_RNA_LPS_1440_WT_4_1_aligned.sam
    log: output/logs/AD_THP1_RNA_LPS_1440_WT_4_1_align2.err
    jobid: 45
    wildcards: group=AD_THP1_RNA_LPS_1440_WT_4_1


        module load bwa
        bwa samse /work/users/m/a/marielle/proj/AD/MPRA/batch2/output/barcode.fasta output/AD_THP1_RNA_LPS_1440_WT_4_1/AD_THP1_RNA_LPS_1440_WT_4_1_aligned.sai output/AD_THP1_RNA_LPS_1440_WT_4_1/AD_THP1_RNA_LPS_1440_WT_4_1_trim2.fastq.gz > output/AD_THP1_RNA_LPS_1440_WT_4_1/AD_THP1_RNA_LPS_1440_WT_4_1_aligned.sam
        
Removing temporary output file output/AD_THP1_RNA_LPS_1440_WT_11_1/AD_THP1_RNA_LPS_1440_WT_11_1_trim1.fastq.gz.
[Tue Apr 11 16:49:57 2023]
Finished job 64.
45 of 104 steps (43%) done
Submitted job 45 with external jobid '5303697'.

[Tue Apr 11 16:49:57 2023]
rule align2:
    input: output/AD_THP1_RNA_LPS_0_WT_2_1/AD_THP1_RNA_LPS_0_WT_2_1_aligned.sai, output/AD_THP1_RNA_LPS_0_WT_2_1/AD_THP1_RNA_LPS_0_WT_2_1_trim2.fastq.gz
    output: output/AD_THP1_RNA_LPS_0_WT_2_1/AD_THP1_RNA_LPS_0_WT_2_1_aligned.sam
    log: output/logs/AD_THP1_RNA_LPS_0_WT_2_1_align2.err
    jobid: 44
    wildcards: group=AD_THP1_RNA_LPS_0_WT_2_1


        module load bwa
        bwa samse /work/users/m/a/marielle/proj/AD/MPRA/batch2/output/barcode.fasta output/AD_THP1_RNA_LPS_0_WT_2_1/AD_THP1_RNA_LPS_0_WT_2_1_aligned.sai output/AD_THP1_RNA_LPS_0_WT_2_1/AD_THP1_RNA_LPS_0_WT_2_1_trim2.fastq.gz > output/AD_THP1_RNA_LPS_0_WT_2_1/AD_THP1_RNA_LPS_0_WT_2_1_aligned.sam
        
Submitted job 44 with external jobid '5303698'.

[Tue Apr 11 16:49:58 2023]
rule align1:
    input: output/AD_THP1_RNA_LPS_1440_WT_11_1/AD_THP1_RNA_LPS_1440_WT_11_1_trim2.fastq.gz
    output: output/AD_THP1_RNA_LPS_1440_WT_11_1/AD_THP1_RNA_LPS_1440_WT_11_1_aligned.sai
    log: output/logs/AD_THP1_RNA_LPS_1440_WT_11_1_align1.err
    jobid: 11
    wildcards: group=AD_THP1_RNA_LPS_1440_WT_11_1


        module load bwa
        bwa aln /work/users/m/a/marielle/proj/AD/MPRA/batch2/output/barcode.fasta output/AD_THP1_RNA_LPS_1440_WT_11_1/AD_THP1_RNA_LPS_1440_WT_11_1_trim2.fastq.gz > output/AD_THP1_RNA_LPS_1440_WT_11_1/AD_THP1_RNA_LPS_1440_WT_11_1_aligned.sai
        
Submitted job 11 with external jobid '5303700'.
Removing temporary output file output/AD_THP1_RNA_LPS_1440_WT_6_1/AD_THP1_RNA_LPS_1440_WT_6_1_trim1.fastq.gz.
[Tue Apr 11 16:49:58 2023]
Finished job 63.
46 of 104 steps (44%) done
Removing temporary output file output/AD_THP1_RNA_LPS_1440_WT_2_1/AD_THP1_RNA_LPS_1440_WT_2_1_trim1.fastq.gz.
[Tue Apr 11 16:49:58 2023]
Finished job 62.
47 of 104 steps (45%) done

[Tue Apr 11 16:49:58 2023]
rule align1:
    input: output/AD_THP1_RNA_LPS_0_WT_13_1/AD_THP1_RNA_LPS_0_WT_13_1_trim2.fastq.gz
    output: output/AD_THP1_RNA_LPS_0_WT_13_1/AD_THP1_RNA_LPS_0_WT_13_1_aligned.sai
    log: output/logs/AD_THP1_RNA_LPS_0_WT_13_1_align1.err
    jobid: 12
    wildcards: group=AD_THP1_RNA_LPS_0_WT_13_1


        module load bwa
        bwa aln /work/users/m/a/marielle/proj/AD/MPRA/batch2/output/barcode.fasta output/AD_THP1_RNA_LPS_0_WT_13_1/AD_THP1_RNA_LPS_0_WT_13_1_trim2.fastq.gz > output/AD_THP1_RNA_LPS_0_WT_13_1/AD_THP1_RNA_LPS_0_WT_13_1_aligned.sai
        
Removing temporary output file output/AD_THP1_RNA_LPS_0_WT_6_1/AD_THP1_RNA_LPS_0_WT_6_1_trim1.fastq.gz.
[Tue Apr 11 16:49:58 2023]
Finished job 61.
48 of 104 steps (46%) done
Removing temporary output file output/AD_THP1_RNA_LPS_0_WT_9_1/AD_THP1_RNA_LPS_0_WT_9_1_trim1.fastq.gz.
[Tue Apr 11 16:49:58 2023]
Finished job 54.
49 of 104 steps (47%) done
Removing temporary output file output/AD_THP1_RNA_LPS_1440_WT_5_1/AD_THP1_RNA_LPS_1440_WT_5_1_trim1.fastq.gz.
Submitted job 12 with external jobid '5303701'.
[Tue Apr 11 16:49:58 2023]
Finished job 78.
50 of 104 steps (48%) done

[Tue Apr 11 16:49:58 2023]
rule align1:
    input: output/AD_THP1_RNA_LPS_0_WT_3_1/AD_THP1_RNA_LPS_0_WT_3_1_trim2.fastq.gz
    output: output/AD_THP1_RNA_LPS_0_WT_3_1/AD_THP1_RNA_LPS_0_WT_3_1_aligned.sai
    log: output/logs/AD_THP1_RNA_LPS_0_WT_3_1_align1.err
    jobid: 14
    wildcards: group=AD_THP1_RNA_LPS_0_WT_3_1


        module load bwa
        bwa aln /work/users/m/a/marielle/proj/AD/MPRA/batch2/output/barcode.fasta output/AD_THP1_RNA_LPS_0_WT_3_1/AD_THP1_RNA_LPS_0_WT_3_1_trim2.fastq.gz > output/AD_THP1_RNA_LPS_0_WT_3_1/AD_THP1_RNA_LPS_0_WT_3_1_aligned.sai
        
Submitted job 14 with external jobid '5303702'.

[Tue Apr 11 16:49:58 2023]
rule align1:
    input: output/AD_THP1_DNA_LPS_0_WT_1_1/AD_THP1_DNA_LPS_0_WT_1_1_trim2.fastq.gz
    output: output/AD_THP1_DNA_LPS_0_WT_1_1/AD_THP1_DNA_LPS_0_WT_1_1_aligned.sai
    log: output/logs/AD_THP1_DNA_LPS_0_WT_1_1_align1.err
    jobid: 13
    wildcards: group=AD_THP1_DNA_LPS_0_WT_1_1


        module load bwa
        bwa aln /work/users/m/a/marielle/proj/AD/MPRA/batch2/output/barcode.fasta output/AD_THP1_DNA_LPS_0_WT_1_1/AD_THP1_DNA_LPS_0_WT_1_1_trim2.fastq.gz > output/AD_THP1_DNA_LPS_0_WT_1_1/AD_THP1_DNA_LPS_0_WT_1_1_aligned.sai
        
Submitted job 13 with external jobid '5303703'.

[Tue Apr 11 16:49:58 2023]
rule align1:
    input: output/AD_THP1_RNA_LPS_1440_WT_10_1/AD_THP1_RNA_LPS_1440_WT_10_1_trim2.fastq.gz
    output: output/AD_THP1_RNA_LPS_1440_WT_10_1/AD_THP1_RNA_LPS_1440_WT_10_1_aligned.sai
    log: output/logs/AD_THP1_RNA_LPS_1440_WT_10_1_align1.err
    jobid: 3
    wildcards: group=AD_THP1_RNA_LPS_1440_WT_10_1


        module load bwa
        bwa aln /work/users/m/a/marielle/proj/AD/MPRA/batch2/output/barcode.fasta output/AD_THP1_RNA_LPS_1440_WT_10_1/AD_THP1_RNA_LPS_1440_WT_10_1_trim2.fastq.gz > output/AD_THP1_RNA_LPS_1440_WT_10_1/AD_THP1_RNA_LPS_1440_WT_10_1_aligned.sai
        
Submitted job 3 with external jobid '5303704'.

[Tue Apr 11 16:49:59 2023]
rule align1:
    input: output/AD_THP1_RNA_LPS_0_WT_6_1/AD_THP1_RNA_LPS_0_WT_6_1_trim2.fastq.gz
    output: output/AD_THP1_RNA_LPS_0_WT_6_1/AD_THP1_RNA_LPS_0_WT_6_1_aligned.sai
    log: output/logs/AD_THP1_RNA_LPS_0_WT_6_1_align1.err
    jobid: 8
    wildcards: group=AD_THP1_RNA_LPS_0_WT_6_1


        module load bwa
        bwa aln /work/users/m/a/marielle/proj/AD/MPRA/batch2/output/barcode.fasta output/AD_THP1_RNA_LPS_0_WT_6_1/AD_THP1_RNA_LPS_0_WT_6_1_trim2.fastq.gz > output/AD_THP1_RNA_LPS_0_WT_6_1/AD_THP1_RNA_LPS_0_WT_6_1_aligned.sai
        
Submitted job 8 with external jobid '5303705'.
Removing temporary output file output/AD_THP1_RNA_LPS_0_WT_5_1/AD_THP1_RNA_LPS_0_WT_5_1_trim1.fastq.gz.
[Tue Apr 11 16:49:59 2023]
Finished job 68.
51 of 104 steps (49%) done
Removing temporary output file output/AD_THP1_RNA_LPS_1440_WT_8_1/AD_THP1_RNA_LPS_1440_WT_8_1_trim1.fastq.gz.
[Tue Apr 11 16:49:59 2023]
Finished job 77.
52 of 104 steps (50%) done
Removing temporary output file output/AD_THP1_RNA_LPS_1440_WT_7_1/AD_THP1_RNA_LPS_1440_WT_7_1_trim1.fastq.gz.
[Tue Apr 11 16:49:59 2023]
Finished job 71.
53 of 104 steps (51%) done
Removing temporary output file output/AD_THP1_RNA_LPS_1440_WT_12_1/AD_THP1_RNA_LPS_1440_WT_12_1_trim1.fastq.gz.
[Tue Apr 11 16:49:59 2023]
Finished job 70.
54 of 104 steps (52%) done

[Tue Apr 11 16:49:59 2023]
rule align1:
    input: output/AD_THP1_RNA_LPS_1440_WT_2_1/AD_THP1_RNA_LPS_1440_WT_2_1_trim2.fastq.gz
    output: output/AD_THP1_RNA_LPS_1440_WT_2_1/AD_THP1_RNA_LPS_1440_WT_2_1_aligned.sai
    log: output/logs/AD_THP1_RNA_LPS_1440_WT_2_1_align1.err
    jobid: 9
    wildcards: group=AD_THP1_RNA_LPS_1440_WT_2_1


        module load bwa
        bwa aln /work/users/m/a/marielle/proj/AD/MPRA/batch2/output/barcode.fasta output/AD_THP1_RNA_LPS_1440_WT_2_1/AD_THP1_RNA_LPS_1440_WT_2_1_trim2.fastq.gz > output/AD_THP1_RNA_LPS_1440_WT_2_1/AD_THP1_RNA_LPS_1440_WT_2_1_aligned.sai
        
Submitted job 9 with external jobid '5303706'.
Removing temporary output file output/AD_THP1_RNA_LPS_0_WT_7_1/AD_THP1_RNA_LPS_0_WT_7_1_trim1.fastq.gz.
[Tue Apr 11 16:49:59 2023]
Finished job 69.
55 of 104 steps (53%) done

[Tue Apr 11 16:49:59 2023]
rule align1:
    input: output/AD_THP1_RNA_LPS_1440_WT_6_1/AD_THP1_RNA_LPS_1440_WT_6_1_trim2.fastq.gz
    output: output/AD_THP1_RNA_LPS_1440_WT_6_1/AD_THP1_RNA_LPS_1440_WT_6_1_aligned.sai
    log: output/logs/AD_THP1_RNA_LPS_1440_WT_6_1_align1.err
    jobid: 10
    wildcards: group=AD_THP1_RNA_LPS_1440_WT_6_1


        module load bwa
        bwa aln /work/users/m/a/marielle/proj/AD/MPRA/batch2/output/barcode.fasta output/AD_THP1_RNA_LPS_1440_WT_6_1/AD_THP1_RNA_LPS_1440_WT_6_1_trim2.fastq.gz > output/AD_THP1_RNA_LPS_1440_WT_6_1/AD_THP1_RNA_LPS_1440_WT_6_1_aligned.sai
        
Submitted job 10 with external jobid '5303707'.

[Tue Apr 11 16:49:59 2023]
rule align1:
    input: output/AD_THP1_RNA_LPS_0_WT_9_1/AD_THP1_RNA_LPS_0_WT_9_1_trim2.fastq.gz
    output: output/AD_THP1_RNA_LPS_0_WT_9_1/AD_THP1_RNA_LPS_0_WT_9_1_aligned.sai
    log: output/logs/AD_THP1_RNA_LPS_0_WT_9_1_align1.err
    jobid: 1
    wildcards: group=AD_THP1_RNA_LPS_0_WT_9_1


        module load bwa
        bwa aln /work/users/m/a/marielle/proj/AD/MPRA/batch2/output/barcode.fasta output/AD_THP1_RNA_LPS_0_WT_9_1/AD_THP1_RNA_LPS_0_WT_9_1_trim2.fastq.gz > output/AD_THP1_RNA_LPS_0_WT_9_1/AD_THP1_RNA_LPS_0_WT_9_1_aligned.sai
        
Submitted job 1 with external jobid '5303708'.

[Tue Apr 11 16:49:59 2023]
rule align1:
    input: output/AD_THP1_RNA_LPS_1440_WT_5_1/AD_THP1_RNA_LPS_1440_WT_5_1_trim2.fastq.gz
    output: output/AD_THP1_RNA_LPS_1440_WT_5_1/AD_THP1_RNA_LPS_1440_WT_5_1_aligned.sai
    log: output/logs/AD_THP1_RNA_LPS_1440_WT_5_1_align1.err
    jobid: 25
    wildcards: group=AD_THP1_RNA_LPS_1440_WT_5_1


        module load bwa
        bwa aln /work/users/m/a/marielle/proj/AD/MPRA/batch2/output/barcode.fasta output/AD_THP1_RNA_LPS_1440_WT_5_1/AD_THP1_RNA_LPS_1440_WT_5_1_trim2.fastq.gz > output/AD_THP1_RNA_LPS_1440_WT_5_1/AD_THP1_RNA_LPS_1440_WT_5_1_aligned.sai
        
Submitted job 25 with external jobid '5303709'.

[Tue Apr 11 16:50:00 2023]
rule align1:
    input: output/AD_THP1_RNA_LPS_0_WT_5_1/AD_THP1_RNA_LPS_0_WT_5_1_trim2.fastq.gz
    output: output/AD_THP1_RNA_LPS_0_WT_5_1/AD_THP1_RNA_LPS_0_WT_5_1_aligned.sai
    log: output/logs/AD_THP1_RNA_LPS_0_WT_5_1_align1.err
    jobid: 15
    wildcards: group=AD_THP1_RNA_LPS_0_WT_5_1


        module load bwa
        bwa aln /work/users/m/a/marielle/proj/AD/MPRA/batch2/output/barcode.fasta output/AD_THP1_RNA_LPS_0_WT_5_1/AD_THP1_RNA_LPS_0_WT_5_1_trim2.fastq.gz > output/AD_THP1_RNA_LPS_0_WT_5_1/AD_THP1_RNA_LPS_0_WT_5_1_aligned.sai
        
Submitted job 15 with external jobid '5303710'.

[Tue Apr 11 16:50:00 2023]
rule align1:
    input: output/AD_THP1_RNA_LPS_1440_WT_8_1/AD_THP1_RNA_LPS_1440_WT_8_1_trim2.fastq.gz
    output: output/AD_THP1_RNA_LPS_1440_WT_8_1/AD_THP1_RNA_LPS_1440_WT_8_1_aligned.sai
    log: output/logs/AD_THP1_RNA_LPS_1440_WT_8_1_align1.err
    jobid: 24
    wildcards: group=AD_THP1_RNA_LPS_1440_WT_8_1


        module load bwa
        bwa aln /work/users/m/a/marielle/proj/AD/MPRA/batch2/output/barcode.fasta output/AD_THP1_RNA_LPS_1440_WT_8_1/AD_THP1_RNA_LPS_1440_WT_8_1_trim2.fastq.gz > output/AD_THP1_RNA_LPS_1440_WT_8_1/AD_THP1_RNA_LPS_1440_WT_8_1_aligned.sai
        
Submitted job 24 with external jobid '5303711'.

[Tue Apr 11 16:50:00 2023]
rule align1:
    input: output/AD_THP1_RNA_LPS_0_WT_7_1/AD_THP1_RNA_LPS_0_WT_7_1_trim2.fastq.gz
    output: output/AD_THP1_RNA_LPS_0_WT_7_1/AD_THP1_RNA_LPS_0_WT_7_1_aligned.sai
    log: output/logs/AD_THP1_RNA_LPS_0_WT_7_1_align1.err
    jobid: 16
    wildcards: group=AD_THP1_RNA_LPS_0_WT_7_1


        module load bwa
        bwa aln /work/users/m/a/marielle/proj/AD/MPRA/batch2/output/barcode.fasta output/AD_THP1_RNA_LPS_0_WT_7_1/AD_THP1_RNA_LPS_0_WT_7_1_trim2.fastq.gz > output/AD_THP1_RNA_LPS_0_WT_7_1/AD_THP1_RNA_LPS_0_WT_7_1_aligned.sai
        
Submitted job 16 with external jobid '5303712'.

[Tue Apr 11 16:50:00 2023]
rule align1:
    input: output/AD_THP1_RNA_LPS_1440_WT_12_1/AD_THP1_RNA_LPS_1440_WT_12_1_trim2.fastq.gz
    output: output/AD_THP1_RNA_LPS_1440_WT_12_1/AD_THP1_RNA_LPS_1440_WT_12_1_aligned.sai
    log: output/logs/AD_THP1_RNA_LPS_1440_WT_12_1_align1.err
    jobid: 17
    wildcards: group=AD_THP1_RNA_LPS_1440_WT_12_1


        module load bwa
        bwa aln /work/users/m/a/marielle/proj/AD/MPRA/batch2/output/barcode.fasta output/AD_THP1_RNA_LPS_1440_WT_12_1/AD_THP1_RNA_LPS_1440_WT_12_1_trim2.fastq.gz > output/AD_THP1_RNA_LPS_1440_WT_12_1/AD_THP1_RNA_LPS_1440_WT_12_1_aligned.sai
        
Submitted job 17 with external jobid '5303713'.

[Tue Apr 11 16:50:00 2023]
rule align1:
    input: output/AD_THP1_RNA_LPS_1440_WT_7_1/AD_THP1_RNA_LPS_1440_WT_7_1_trim2.fastq.gz
    output: output/AD_THP1_RNA_LPS_1440_WT_7_1/AD_THP1_RNA_LPS_1440_WT_7_1_aligned.sai
    log: output/logs/AD_THP1_RNA_LPS_1440_WT_7_1_align1.err
    jobid: 18
    wildcards: group=AD_THP1_RNA_LPS_1440_WT_7_1


        module load bwa
        bwa aln /work/users/m/a/marielle/proj/AD/MPRA/batch2/output/barcode.fasta output/AD_THP1_RNA_LPS_1440_WT_7_1/AD_THP1_RNA_LPS_1440_WT_7_1_trim2.fastq.gz > output/AD_THP1_RNA_LPS_1440_WT_7_1/AD_THP1_RNA_LPS_1440_WT_7_1_aligned.sai
        
Submitted job 18 with external jobid '5303714'.
[Tue Apr 11 16:50:12 2023]
Finished job 4.
56 of 104 steps (54%) done
[Tue Apr 11 16:50:12 2023]
Finished job 2.
57 of 104 steps (55%) done
[Tue Apr 11 16:50:12 2023]
Finished job 5.
58 of 104 steps (56%) done
[Tue Apr 11 16:50:12 2023]
Finished job 6.
59 of 104 steps (57%) done

[Tue Apr 11 16:50:13 2023]
rule align2:
    input: output/AD_THP1_RNA_LPS_0_WT_12_1/AD_THP1_RNA_LPS_0_WT_12_1_aligned.sai, output/AD_THP1_RNA_LPS_0_WT_12_1/AD_THP1_RNA_LPS_0_WT_12_1_trim2.fastq.gz
    output: output/AD_THP1_RNA_LPS_0_WT_12_1/AD_THP1_RNA_LPS_0_WT_12_1_aligned.sam
    log: output/logs/AD_THP1_RNA_LPS_0_WT_12_1_align2.err
    jobid: 29
    wildcards: group=AD_THP1_RNA_LPS_0_WT_12_1


        module load bwa
        bwa samse /work/users/m/a/marielle/proj/AD/MPRA/batch2/output/barcode.fasta output/AD_THP1_RNA_LPS_0_WT_12_1/AD_THP1_RNA_LPS_0_WT_12_1_aligned.sai output/AD_THP1_RNA_LPS_0_WT_12_1/AD_THP1_RNA_LPS_0_WT_12_1_trim2.fastq.gz > output/AD_THP1_RNA_LPS_0_WT_12_1/AD_THP1_RNA_LPS_0_WT_12_1_aligned.sam
        
Submitted job 29 with external jobid '5303740'.

[Tue Apr 11 16:50:13 2023]
rule align2:
    input: output/AD_THP1_RNA_LPS_0_WT_8_1/AD_THP1_RNA_LPS_0_WT_8_1_aligned.sai, output/AD_THP1_RNA_LPS_0_WT_8_1/AD_THP1_RNA_LPS_0_WT_8_1_trim2.fastq.gz
    output: output/AD_THP1_RNA_LPS_0_WT_8_1/AD_THP1_RNA_LPS_0_WT_8_1_aligned.sam
    log: output/logs/AD_THP1_RNA_LPS_0_WT_8_1_align2.err
    jobid: 30
    wildcards: group=AD_THP1_RNA_LPS_0_WT_8_1


        module load bwa
        bwa samse /work/users/m/a/marielle/proj/AD/MPRA/batch2/output/barcode.fasta output/AD_THP1_RNA_LPS_0_WT_8_1/AD_THP1_RNA_LPS_0_WT_8_1_aligned.sai output/AD_THP1_RNA_LPS_0_WT_8_1/AD_THP1_RNA_LPS_0_WT_8_1_trim2.fastq.gz > output/AD_THP1_RNA_LPS_0_WT_8_1/AD_THP1_RNA_LPS_0_WT_8_1_aligned.sam
        
[Tue Apr 11 16:50:13 2023]
Finished job 7.
60 of 104 steps (58%) done
Submitted job 30 with external jobid '5303741'.

[Tue Apr 11 16:50:14 2023]
rule align2:
    input: output/AD_THP1_RNA_LPS_1440_WT_9_1/AD_THP1_RNA_LPS_1440_WT_9_1_aligned.sai, output/AD_THP1_RNA_LPS_1440_WT_9_1/AD_THP1_RNA_LPS_1440_WT_9_1_trim2.fastq.gz
    output: output/AD_THP1_RNA_LPS_1440_WT_9_1/AD_THP1_RNA_LPS_1440_WT_9_1_aligned.sam
    log: output/logs/AD_THP1_RNA_LPS_1440_WT_9_1_align2.err
    jobid: 31
    wildcards: group=AD_THP1_RNA_LPS_1440_WT_9_1


        module load bwa
        bwa samse /work/users/m/a/marielle/proj/AD/MPRA/batch2/output/barcode.fasta output/AD_THP1_RNA_LPS_1440_WT_9_1/AD_THP1_RNA_LPS_1440_WT_9_1_aligned.sai output/AD_THP1_RNA_LPS_1440_WT_9_1/AD_THP1_RNA_LPS_1440_WT_9_1_trim2.fastq.gz > output/AD_THP1_RNA_LPS_1440_WT_9_1/AD_THP1_RNA_LPS_1440_WT_9_1_aligned.sam
        
Submitted job 31 with external jobid '5303742'.

[Tue Apr 11 16:50:14 2023]
rule align2:
    input: output/AD_THP1_RNA_LPS_0_WT_10_1/AD_THP1_RNA_LPS_0_WT_10_1_aligned.sai, output/AD_THP1_RNA_LPS_0_WT_10_1/AD_THP1_RNA_LPS_0_WT_10_1_trim2.fastq.gz
    output: output/AD_THP1_RNA_LPS_0_WT_10_1/AD_THP1_RNA_LPS_0_WT_10_1_aligned.sam
    log: output/logs/AD_THP1_RNA_LPS_0_WT_10_1_align2.err
    jobid: 27
    wildcards: group=AD_THP1_RNA_LPS_0_WT_10_1


        module load bwa
        bwa samse /work/users/m/a/marielle/proj/AD/MPRA/batch2/output/barcode.fasta output/AD_THP1_RNA_LPS_0_WT_10_1/AD_THP1_RNA_LPS_0_WT_10_1_aligned.sai output/AD_THP1_RNA_LPS_0_WT_10_1/AD_THP1_RNA_LPS_0_WT_10_1_trim2.fastq.gz > output/AD_THP1_RNA_LPS_0_WT_10_1/AD_THP1_RNA_LPS_0_WT_10_1_aligned.sam
        
Submitted job 27 with external jobid '5303743'.

[Tue Apr 11 16:50:15 2023]
rule align2:
    input: output/AD_THP1_RNA_LPS_1440_WT_1_1/AD_THP1_RNA_LPS_1440_WT_1_1_aligned.sai, output/AD_THP1_RNA_LPS_1440_WT_1_1/AD_THP1_RNA_LPS_1440_WT_1_1_trim2.fastq.gz
    output: output/AD_THP1_RNA_LPS_1440_WT_1_1/AD_THP1_RNA_LPS_1440_WT_1_1_aligned.sam
    log: output/logs/AD_THP1_RNA_LPS_1440_WT_1_1_align2.err
    jobid: 32
    wildcards: group=AD_THP1_RNA_LPS_1440_WT_1_1


        module load bwa
        bwa samse /work/users/m/a/marielle/proj/AD/MPRA/batch2/output/barcode.fasta output/AD_THP1_RNA_LPS_1440_WT_1_1/AD_THP1_RNA_LPS_1440_WT_1_1_aligned.sai output/AD_THP1_RNA_LPS_1440_WT_1_1/AD_THP1_RNA_LPS_1440_WT_1_1_trim2.fastq.gz > output/AD_THP1_RNA_LPS_1440_WT_1_1/AD_THP1_RNA_LPS_1440_WT_1_1_aligned.sam
        
Submitted job 32 with external jobid '5303744'.
Waiting at most 500 seconds for missing files.
Removing temporary output file output/AD_THP1_RNA_LPS_1440_WT_13_1/AD_THP1_RNA_LPS_1440_WT_13_1_trim2.fastq.gz.
[Tue Apr 11 16:50:27 2023]
Finished job 48.
61 of 104 steps (59%) done
Removing temporary output file output/AD_THP1_RNA_LPS_0_WT_4_1/AD_THP1_RNA_LPS_0_WT_4_1_trim2.fastq.gz.
[Tue Apr 11 16:50:27 2023]
Finished job 47.
62 of 104 steps (60%) done
Removing temporary output file output/AD_THP1_RNA_LPS_0_WT_11_1/AD_THP1_RNA_LPS_0_WT_11_1_trim2.fastq.gz.
[Tue Apr 11 16:50:27 2023]
Finished job 46.
63 of 104 steps (61%) done
Removing temporary output file output/AD_THP1_RNA_LPS_1440_WT_4_1/AD_THP1_RNA_LPS_1440_WT_4_1_trim2.fastq.gz.
[Tue Apr 11 16:50:27 2023]
Finished job 45.
64 of 104 steps (62%) done
Removing temporary output file output/AD_THP1_RNA_LPS_0_WT_2_1/AD_THP1_RNA_LPS_0_WT_2_1_trim2.fastq.gz.
[Tue Apr 11 16:50:27 2023]
Finished job 44.
65 of 104 steps (62%) done
[Tue Apr 11 16:50:28 2023]
Finished job 11.
66 of 104 steps (63%) done

[Tue Apr 11 16:50:28 2023]
rule align2:
    input: output/AD_THP1_RNA_LPS_1440_WT_11_1/AD_THP1_RNA_LPS_1440_WT_11_1_aligned.sai, output/AD_THP1_RNA_LPS_1440_WT_11_1/AD_THP1_RNA_LPS_1440_WT_11_1_trim2.fastq.gz
    output: output/AD_THP1_RNA_LPS_1440_WT_11_1/AD_THP1_RNA_LPS_1440_WT_11_1_aligned.sam
    log: output/logs/AD_THP1_RNA_LPS_1440_WT_11_1_align2.err
    jobid: 36
    wildcards: group=AD_THP1_RNA_LPS_1440_WT_11_1


        module load bwa
        bwa samse /work/users/m/a/marielle/proj/AD/MPRA/batch2/output/barcode.fasta output/AD_THP1_RNA_LPS_1440_WT_11_1/AD_THP1_RNA_LPS_1440_WT_11_1_aligned.sai output/AD_THP1_RNA_LPS_1440_WT_11_1/AD_THP1_RNA_LPS_1440_WT_11_1_trim2.fastq.gz > output/AD_THP1_RNA_LPS_1440_WT_11_1/AD_THP1_RNA_LPS_1440_WT_11_1_aligned.sam
        
[Tue Apr 11 16:50:28 2023]
Finished job 12.
67 of 104 steps (64%) done
Waiting at most 500 seconds for missing files.
[Tue Apr 11 16:50:28 2023]
Finished job 14.
68 of 104 steps (65%) done
Waiting at most 500 seconds for missing files.
Submitted job 36 with external jobid '5303745'.
[Tue Apr 11 16:50:29 2023]
Finished job 13.
69 of 104 steps (66%) done

[Tue Apr 11 16:50:29 2023]
rule align2:
    input: output/AD_THP1_RNA_LPS_0_WT_3_1/AD_THP1_RNA_LPS_0_WT_3_1_aligned.sai, output/AD_THP1_RNA_LPS_0_WT_3_1/AD_THP1_RNA_LPS_0_WT_3_1_trim2.fastq.gz
    output: output/AD_THP1_RNA_LPS_0_WT_3_1/AD_THP1_RNA_LPS_0_WT_3_1_aligned.sam
    log: output/logs/AD_THP1_RNA_LPS_0_WT_3_1_align2.err
    jobid: 39
    wildcards: group=AD_THP1_RNA_LPS_0_WT_3_1


        module load bwa
        bwa samse /work/users/m/a/marielle/proj/AD/MPRA/batch2/output/barcode.fasta output/AD_THP1_RNA_LPS_0_WT_3_1/AD_THP1_RNA_LPS_0_WT_3_1_aligned.sai output/AD_THP1_RNA_LPS_0_WT_3_1/AD_THP1_RNA_LPS_0_WT_3_1_trim2.fastq.gz > output/AD_THP1_RNA_LPS_0_WT_3_1/AD_THP1_RNA_LPS_0_WT_3_1_aligned.sam
        
[Tue Apr 11 16:50:29 2023]
Finished job 3.
70 of 104 steps (67%) done
[Tue Apr 11 16:50:29 2023]
Finished job 8.
71 of 104 steps (68%) done
[Tue Apr 11 16:50:29 2023]
Finished job 9.
72 of 104 steps (69%) done
[Tue Apr 11 16:50:29 2023]
Finished job 10.
73 of 104 steps (70%) done
Submitted job 39 with external jobid '5303746'.

[Tue Apr 11 16:50:29 2023]
rule align2:
    input: output/AD_THP1_DNA_LPS_0_WT_1_1/AD_THP1_DNA_LPS_0_WT_1_1_aligned.sai, output/AD_THP1_DNA_LPS_0_WT_1_1/AD_THP1_DNA_LPS_0_WT_1_1_trim2.fastq.gz
    output: output/AD_THP1_DNA_LPS_0_WT_1_1/AD_THP1_DNA_LPS_0_WT_1_1_aligned.sam
    log: output/logs/AD_THP1_DNA_LPS_0_WT_1_1_align2.err
    jobid: 38
    wildcards: group=AD_THP1_DNA_LPS_0_WT_1_1


        module load bwa
        bwa samse /work/users/m/a/marielle/proj/AD/MPRA/batch2/output/barcode.fasta output/AD_THP1_DNA_LPS_0_WT_1_1/AD_THP1_DNA_LPS_0_WT_1_1_aligned.sai output/AD_THP1_DNA_LPS_0_WT_1_1/AD_THP1_DNA_LPS_0_WT_1_1_trim2.fastq.gz > output/AD_THP1_DNA_LPS_0_WT_1_1/AD_THP1_DNA_LPS_0_WT_1_1_aligned.sam
        
Submitted job 38 with external jobid '5303747'.

[Tue Apr 11 16:50:29 2023]
rule align2:
    input: output/AD_THP1_RNA_LPS_0_WT_13_1/AD_THP1_RNA_LPS_0_WT_13_1_aligned.sai, output/AD_THP1_RNA_LPS_0_WT_13_1/AD_THP1_RNA_LPS_0_WT_13_1_trim2.fastq.gz
    output: output/AD_THP1_RNA_LPS_0_WT_13_1/AD_THP1_RNA_LPS_0_WT_13_1_aligned.sam
    log: output/logs/AD_THP1_RNA_LPS_0_WT_13_1_align2.err
    jobid: 37
    wildcards: group=AD_THP1_RNA_LPS_0_WT_13_1


        module load bwa
        bwa samse /work/users/m/a/marielle/proj/AD/MPRA/batch2/output/barcode.fasta output/AD_THP1_RNA_LPS_0_WT_13_1/AD_THP1_RNA_LPS_0_WT_13_1_aligned.sai output/AD_THP1_RNA_LPS_0_WT_13_1/AD_THP1_RNA_LPS_0_WT_13_1_trim2.fastq.gz > output/AD_THP1_RNA_LPS_0_WT_13_1/AD_THP1_RNA_LPS_0_WT_13_1_aligned.sam
        
Submitted job 37 with external jobid '5303748'.

[Tue Apr 11 16:50:29 2023]
rule align2:
    input: output/AD_THP1_RNA_LPS_1440_WT_6_1/AD_THP1_RNA_LPS_1440_WT_6_1_aligned.sai, output/AD_THP1_RNA_LPS_1440_WT_6_1/AD_THP1_RNA_LPS_1440_WT_6_1_trim2.fastq.gz
    output: output/AD_THP1_RNA_LPS_1440_WT_6_1/AD_THP1_RNA_LPS_1440_WT_6_1_aligned.sam
    log: output/logs/AD_THP1_RNA_LPS_1440_WT_6_1_align2.err
    jobid: 35
    wildcards: group=AD_THP1_RNA_LPS_1440_WT_6_1


        module load bwa
        bwa samse /work/users/m/a/marielle/proj/AD/MPRA/batch2/output/barcode.fasta output/AD_THP1_RNA_LPS_1440_WT_6_1/AD_THP1_RNA_LPS_1440_WT_6_1_aligned.sai output/AD_THP1_RNA_LPS_1440_WT_6_1/AD_THP1_RNA_LPS_1440_WT_6_1_trim2.fastq.gz > output/AD_THP1_RNA_LPS_1440_WT_6_1/AD_THP1_RNA_LPS_1440_WT_6_1_aligned.sam
        
Submitted job 35 with external jobid '5303749'.

[Tue Apr 11 16:50:29 2023]
rule align2:
    input: output/AD_THP1_RNA_LPS_0_WT_6_1/AD_THP1_RNA_LPS_0_WT_6_1_aligned.sai, output/AD_THP1_RNA_LPS_0_WT_6_1/AD_THP1_RNA_LPS_0_WT_6_1_trim2.fastq.gz
    output: output/AD_THP1_RNA_LPS_0_WT_6_1/AD_THP1_RNA_LPS_0_WT_6_1_aligned.sam
    log: output/logs/AD_THP1_RNA_LPS_0_WT_6_1_align2.err
    jobid: 33
    wildcards: group=AD_THP1_RNA_LPS_0_WT_6_1


        module load bwa
        bwa samse /work/users/m/a/marielle/proj/AD/MPRA/batch2/output/barcode.fasta output/AD_THP1_RNA_LPS_0_WT_6_1/AD_THP1_RNA_LPS_0_WT_6_1_aligned.sai output/AD_THP1_RNA_LPS_0_WT_6_1/AD_THP1_RNA_LPS_0_WT_6_1_trim2.fastq.gz > output/AD_THP1_RNA_LPS_0_WT_6_1/AD_THP1_RNA_LPS_0_WT_6_1_aligned.sam
        
Submitted job 33 with external jobid '5303750'.
[Tue Apr 11 16:50:30 2023]
Finished job 1.
74 of 104 steps (71%) done
[Tue Apr 11 16:50:30 2023]
Finished job 25.
75 of 104 steps (72%) done
[Tue Apr 11 16:50:30 2023]
Finished job 15.
76 of 104 steps (73%) done

[Tue Apr 11 16:50:30 2023]
rule align2:
    input: output/AD_THP1_RNA_LPS_1440_WT_2_1/AD_THP1_RNA_LPS_1440_WT_2_1_aligned.sai, output/AD_THP1_RNA_LPS_1440_WT_2_1/AD_THP1_RNA_LPS_1440_WT_2_1_trim2.fastq.gz
    output: output/AD_THP1_RNA_LPS_1440_WT_2_1/AD_THP1_RNA_LPS_1440_WT_2_1_aligned.sam
    log: output/logs/AD_THP1_RNA_LPS_1440_WT_2_1_align2.err
    jobid: 34
    wildcards: group=AD_THP1_RNA_LPS_1440_WT_2_1


        module load bwa
        bwa samse /work/users/m/a/marielle/proj/AD/MPRA/batch2/output/barcode.fasta output/AD_THP1_RNA_LPS_1440_WT_2_1/AD_THP1_RNA_LPS_1440_WT_2_1_aligned.sai output/AD_THP1_RNA_LPS_1440_WT_2_1/AD_THP1_RNA_LPS_1440_WT_2_1_trim2.fastq.gz > output/AD_THP1_RNA_LPS_1440_WT_2_1/AD_THP1_RNA_LPS_1440_WT_2_1_aligned.sam
        
[Tue Apr 11 16:50:30 2023]
Finished job 24.
77 of 104 steps (74%) done
[Tue Apr 11 16:50:30 2023]
Finished job 16.
78 of 104 steps (75%) done
Submitted job 34 with external jobid '5303753'.

[Tue Apr 11 16:50:30 2023]
rule align2:
    input: output/AD_THP1_RNA_LPS_1440_WT_10_1/AD_THP1_RNA_LPS_1440_WT_10_1_aligned.sai, output/AD_THP1_RNA_LPS_1440_WT_10_1/AD_THP1_RNA_LPS_1440_WT_10_1_trim2.fastq.gz
    output: output/AD_THP1_RNA_LPS_1440_WT_10_1/AD_THP1_RNA_LPS_1440_WT_10_1_aligned.sam
    log: output/logs/AD_THP1_RNA_LPS_1440_WT_10_1_align2.err
    jobid: 28
    wildcards: group=AD_THP1_RNA_LPS_1440_WT_10_1


        module load bwa
        bwa samse /work/users/m/a/marielle/proj/AD/MPRA/batch2/output/barcode.fasta output/AD_THP1_RNA_LPS_1440_WT_10_1/AD_THP1_RNA_LPS_1440_WT_10_1_aligned.sai output/AD_THP1_RNA_LPS_1440_WT_10_1/AD_THP1_RNA_LPS_1440_WT_10_1_trim2.fastq.gz > output/AD_THP1_RNA_LPS_1440_WT_10_1/AD_THP1_RNA_LPS_1440_WT_10_1_aligned.sam
        
Submitted job 28 with external jobid '5303754'.

[Tue Apr 11 16:50:30 2023]
rule align2:
    input: output/AD_THP1_RNA_LPS_0_WT_5_1/AD_THP1_RNA_LPS_0_WT_5_1_aligned.sai, output/AD_THP1_RNA_LPS_0_WT_5_1/AD_THP1_RNA_LPS_0_WT_5_1_trim2.fastq.gz
    output: output/AD_THP1_RNA_LPS_0_WT_5_1/AD_THP1_RNA_LPS_0_WT_5_1_aligned.sam
    log: output/logs/AD_THP1_RNA_LPS_0_WT_5_1_align2.err
    jobid: 40
    wildcards: group=AD_THP1_RNA_LPS_0_WT_5_1


        module load bwa
        bwa samse /work/users/m/a/marielle/proj/AD/MPRA/batch2/output/barcode.fasta output/AD_THP1_RNA_LPS_0_WT_5_1/AD_THP1_RNA_LPS_0_WT_5_1_aligned.sai output/AD_THP1_RNA_LPS_0_WT_5_1/AD_THP1_RNA_LPS_0_WT_5_1_trim2.fastq.gz > output/AD_THP1_RNA_LPS_0_WT_5_1/AD_THP1_RNA_LPS_0_WT_5_1_aligned.sam
        
Submitted job 40 with external jobid '5303755'.

[Tue Apr 11 16:50:30 2023]
rule align2:
    input: output/AD_THP1_RNA_LPS_1440_WT_8_1/AD_THP1_RNA_LPS_1440_WT_8_1_aligned.sai, output/AD_THP1_RNA_LPS_1440_WT_8_1/AD_THP1_RNA_LPS_1440_WT_8_1_trim2.fastq.gz
    output: output/AD_THP1_RNA_LPS_1440_WT_8_1/AD_THP1_RNA_LPS_1440_WT_8_1_aligned.sam
    log: output/logs/AD_THP1_RNA_LPS_1440_WT_8_1_align2.err
    jobid: 49
    wildcards: group=AD_THP1_RNA_LPS_1440_WT_8_1


        module load bwa
        bwa samse /work/users/m/a/marielle/proj/AD/MPRA/batch2/output/barcode.fasta output/AD_THP1_RNA_LPS_1440_WT_8_1/AD_THP1_RNA_LPS_1440_WT_8_1_aligned.sai output/AD_THP1_RNA_LPS_1440_WT_8_1/AD_THP1_RNA_LPS_1440_WT_8_1_trim2.fastq.gz > output/AD_THP1_RNA_LPS_1440_WT_8_1/AD_THP1_RNA_LPS_1440_WT_8_1_aligned.sam
        
Submitted job 49 with external jobid '5303756'.

[Tue Apr 11 16:50:31 2023]
rule align2:
    input: output/AD_THP1_RNA_LPS_1440_WT_5_1/AD_THP1_RNA_LPS_1440_WT_5_1_aligned.sai, output/AD_THP1_RNA_LPS_1440_WT_5_1/AD_THP1_RNA_LPS_1440_WT_5_1_trim2.fastq.gz
    output: output/AD_THP1_RNA_LPS_1440_WT_5_1/AD_THP1_RNA_LPS_1440_WT_5_1_aligned.sam
    log: output/logs/AD_THP1_RNA_LPS_1440_WT_5_1_align2.err
    jobid: 50
    wildcards: group=AD_THP1_RNA_LPS_1440_WT_5_1


        module load bwa
        bwa samse /work/users/m/a/marielle/proj/AD/MPRA/batch2/output/barcode.fasta output/AD_THP1_RNA_LPS_1440_WT_5_1/AD_THP1_RNA_LPS_1440_WT_5_1_aligned.sai output/AD_THP1_RNA_LPS_1440_WT_5_1/AD_THP1_RNA_LPS_1440_WT_5_1_trim2.fastq.gz > output/AD_THP1_RNA_LPS_1440_WT_5_1/AD_THP1_RNA_LPS_1440_WT_5_1_aligned.sam
        
Submitted job 50 with external jobid '5303757'.
[Tue Apr 11 16:50:31 2023]
Finished job 17.
79 of 104 steps (76%) done
[Tue Apr 11 16:50:31 2023]
Finished job 18.
80 of 104 steps (77%) done

[Tue Apr 11 16:50:31 2023]
rule align2:
    input: output/AD_THP1_RNA_LPS_0_WT_7_1/AD_THP1_RNA_LPS_0_WT_7_1_aligned.sai, output/AD_THP1_RNA_LPS_0_WT_7_1/AD_THP1_RNA_LPS_0_WT_7_1_trim2.fastq.gz
    output: output/AD_THP1_RNA_LPS_0_WT_7_1/AD_THP1_RNA_LPS_0_WT_7_1_aligned.sam
    log: output/logs/AD_THP1_RNA_LPS_0_WT_7_1_align2.err
    jobid: 41
    wildcards: group=AD_THP1_RNA_LPS_0_WT_7_1


        module load bwa
        bwa samse /work/users/m/a/marielle/proj/AD/MPRA/batch2/output/barcode.fasta output/AD_THP1_RNA_LPS_0_WT_7_1/AD_THP1_RNA_LPS_0_WT_7_1_aligned.sai output/AD_THP1_RNA_LPS_0_WT_7_1/AD_THP1_RNA_LPS_0_WT_7_1_trim2.fastq.gz > output/AD_THP1_RNA_LPS_0_WT_7_1/AD_THP1_RNA_LPS_0_WT_7_1_aligned.sam
        
Submitted job 41 with external jobid '5303758'.

[Tue Apr 11 16:50:31 2023]
rule align2:
    input: output/AD_THP1_RNA_LPS_0_WT_9_1/AD_THP1_RNA_LPS_0_WT_9_1_aligned.sai, output/AD_THP1_RNA_LPS_0_WT_9_1/AD_THP1_RNA_LPS_0_WT_9_1_trim2.fastq.gz
    output: output/AD_THP1_RNA_LPS_0_WT_9_1/AD_THP1_RNA_LPS_0_WT_9_1_aligned.sam
    log: output/logs/AD_THP1_RNA_LPS_0_WT_9_1_align2.err
    jobid: 26
    wildcards: group=AD_THP1_RNA_LPS_0_WT_9_1


        module load bwa
        bwa samse /work/users/m/a/marielle/proj/AD/MPRA/batch2/output/barcode.fasta output/AD_THP1_RNA_LPS_0_WT_9_1/AD_THP1_RNA_LPS_0_WT_9_1_aligned.sai output/AD_THP1_RNA_LPS_0_WT_9_1/AD_THP1_RNA_LPS_0_WT_9_1_trim2.fastq.gz > output/AD_THP1_RNA_LPS_0_WT_9_1/AD_THP1_RNA_LPS_0_WT_9_1_aligned.sam
        
Submitted job 26 with external jobid '5303759'.

[Tue Apr 11 16:50:31 2023]
rule align2:
    input: output/AD_THP1_RNA_LPS_1440_WT_7_1/AD_THP1_RNA_LPS_1440_WT_7_1_aligned.sai, output/AD_THP1_RNA_LPS_1440_WT_7_1/AD_THP1_RNA_LPS_1440_WT_7_1_trim2.fastq.gz
    output: output/AD_THP1_RNA_LPS_1440_WT_7_1/AD_THP1_RNA_LPS_1440_WT_7_1_aligned.sam
    log: output/logs/AD_THP1_RNA_LPS_1440_WT_7_1_align2.err
    jobid: 43
    wildcards: group=AD_THP1_RNA_LPS_1440_WT_7_1


        module load bwa
        bwa samse /work/users/m/a/marielle/proj/AD/MPRA/batch2/output/barcode.fasta output/AD_THP1_RNA_LPS_1440_WT_7_1/AD_THP1_RNA_LPS_1440_WT_7_1_aligned.sai output/AD_THP1_RNA_LPS_1440_WT_7_1/AD_THP1_RNA_LPS_1440_WT_7_1_trim2.fastq.gz > output/AD_THP1_RNA_LPS_1440_WT_7_1/AD_THP1_RNA_LPS_1440_WT_7_1_aligned.sam
        
Submitted job 43 with external jobid '5303760'.

[Tue Apr 11 16:50:32 2023]
rule align2:
    input: output/AD_THP1_RNA_LPS_1440_WT_12_1/AD_THP1_RNA_LPS_1440_WT_12_1_aligned.sai, output/AD_THP1_RNA_LPS_1440_WT_12_1/AD_THP1_RNA_LPS_1440_WT_12_1_trim2.fastq.gz
    output: output/AD_THP1_RNA_LPS_1440_WT_12_1/AD_THP1_RNA_LPS_1440_WT_12_1_aligned.sam
    log: output/logs/AD_THP1_RNA_LPS_1440_WT_12_1_align2.err
    jobid: 42
    wildcards: group=AD_THP1_RNA_LPS_1440_WT_12_1


        module load bwa
        bwa samse /work/users/m/a/marielle/proj/AD/MPRA/batch2/output/barcode.fasta output/AD_THP1_RNA_LPS_1440_WT_12_1/AD_THP1_RNA_LPS_1440_WT_12_1_aligned.sai output/AD_THP1_RNA_LPS_1440_WT_12_1/AD_THP1_RNA_LPS_1440_WT_12_1_trim2.fastq.gz > output/AD_THP1_RNA_LPS_1440_WT_12_1/AD_THP1_RNA_LPS_1440_WT_12_1_aligned.sam
        
Submitted job 42 with external jobid '5303761'.
Removing temporary output file output/AD_THP1_RNA_LPS_1440_WT_11_1/AD_THP1_RNA_LPS_1440_WT_11_1_trim2.fastq.gz.
[Tue Apr 11 16:51:24 2023]
Finished job 36.
81 of 104 steps (78%) done
Removing temporary output file output/AD_THP1_RNA_LPS_0_WT_3_1/AD_THP1_RNA_LPS_0_WT_3_1_trim2.fastq.gz.
[Tue Apr 11 16:51:24 2023]
Finished job 39.
82 of 104 steps (79%) done
Removing temporary output file output/AD_THP1_DNA_LPS_0_WT_1_1/AD_THP1_DNA_LPS_0_WT_1_1_trim2.fastq.gz.
[Tue Apr 11 16:51:24 2023]
Finished job 38.
83 of 104 steps (80%) done
Removing temporary output file output/AD_THP1_RNA_LPS_0_WT_13_1/AD_THP1_RNA_LPS_0_WT_13_1_trim2.fastq.gz.
[Tue Apr 11 16:51:24 2023]
Finished job 37.
84 of 104 steps (81%) done
Removing temporary output file output/AD_THP1_RNA_LPS_1440_WT_6_1/AD_THP1_RNA_LPS_1440_WT_6_1_trim2.fastq.gz.
[Tue Apr 11 16:51:24 2023]
Finished job 35.
85 of 104 steps (82%) done
Removing temporary output file output/AD_THP1_RNA_LPS_0_WT_6_1/AD_THP1_RNA_LPS_0_WT_6_1_trim2.fastq.gz.
[Tue Apr 11 16:51:25 2023]
Finished job 33.
86 of 104 steps (83%) done
Removing temporary output file output/AD_THP1_RNA_LPS_1440_WT_2_1/AD_THP1_RNA_LPS_1440_WT_2_1_trim2.fastq.gz.
[Tue Apr 11 16:51:25 2023]
Finished job 34.
87 of 104 steps (84%) done
Removing temporary output file output/AD_THP1_RNA_LPS_1440_WT_10_1/AD_THP1_RNA_LPS_1440_WT_10_1_trim2.fastq.gz.
[Tue Apr 11 16:51:25 2023]
Finished job 28.
88 of 104 steps (85%) done
Removing temporary output file output/AD_THP1_RNA_LPS_0_WT_5_1/AD_THP1_RNA_LPS_0_WT_5_1_trim2.fastq.gz.
[Tue Apr 11 16:51:25 2023]
Finished job 40.
89 of 104 steps (86%) done
Removing temporary output file output/AD_THP1_RNA_LPS_1440_WT_8_1/AD_THP1_RNA_LPS_1440_WT_8_1_trim2.fastq.gz.
[Tue Apr 11 16:51:25 2023]
Finished job 49.
90 of 104 steps (87%) done
Removing temporary output file output/AD_THP1_RNA_LPS_1440_WT_5_1/AD_THP1_RNA_LPS_1440_WT_5_1_trim2.fastq.gz.
[Tue Apr 11 16:51:26 2023]
Finished job 50.
91 of 104 steps (88%) done
Removing temporary output file output/AD_THP1_RNA_LPS_0_WT_7_1/AD_THP1_RNA_LPS_0_WT_7_1_trim2.fastq.gz.
[Tue Apr 11 16:51:26 2023]
Finished job 41.
92 of 104 steps (88%) done
Removing temporary output file output/AD_THP1_RNA_LPS_0_WT_9_1/AD_THP1_RNA_LPS_0_WT_9_1_trim2.fastq.gz.
[Tue Apr 11 16:51:26 2023]
Finished job 26.
93 of 104 steps (89%) done
Removing temporary output file output/AD_THP1_RNA_LPS_1440_WT_7_1/AD_THP1_RNA_LPS_1440_WT_7_1_trim2.fastq.gz.
[Tue Apr 11 16:51:26 2023]
Finished job 43.
94 of 104 steps (90%) done
Removing temporary output file output/AD_THP1_RNA_LPS_1440_WT_12_1/AD_THP1_RNA_LPS_1440_WT_12_1_trim2.fastq.gz.
[Tue Apr 11 16:51:27 2023]
Finished job 42.
95 of 104 steps (91%) done
Removing temporary output file output/AD_THP1_RNA_LPS_0_WT_12_1/AD_THP1_RNA_LPS_0_WT_12_1_trim2.fastq.gz.
[Tue Apr 11 16:51:27 2023]
Finished job 29.
96 of 104 steps (92%) done
Removing temporary output file output/AD_THP1_RNA_LPS_0_WT_8_1/AD_THP1_RNA_LPS_0_WT_8_1_trim2.fastq.gz.
[Tue Apr 11 16:51:27 2023]
Finished job 30.
97 of 104 steps (93%) done
Removing temporary output file output/AD_THP1_RNA_LPS_1440_WT_9_1/AD_THP1_RNA_LPS_1440_WT_9_1_trim2.fastq.gz.
[Tue Apr 11 16:51:27 2023]
Finished job 31.
98 of 104 steps (94%) done
Removing temporary output file output/AD_THP1_RNA_LPS_0_WT_10_1/AD_THP1_RNA_LPS_0_WT_10_1_trim2.fastq.gz.
[Tue Apr 11 16:51:27 2023]
Finished job 27.
99 of 104 steps (95%) done
Removing temporary output file output/AD_THP1_RNA_LPS_1440_WT_1_1/AD_THP1_RNA_LPS_1440_WT_1_1_trim2.fastq.gz.
[Tue Apr 11 16:51:28 2023]
Finished job 32.
100 of 104 steps (96%) done

[Tue Apr 11 16:51:28 2023]
rule countMatrix:
    input: output/AD_THP1_RNA_LPS_0_WT_9_1/AD_THP1_RNA_LPS_0_WT_9_1_aligned.sam, output/AD_THP1_RNA_LPS_0_WT_10_1/AD_THP1_RNA_LPS_0_WT_10_1_aligned.sam, output/AD_THP1_RNA_LPS_1440_WT_10_1/AD_THP1_RNA_LPS_1440_WT_10_1_aligned.sam, output/AD_THP1_RNA_LPS_0_WT_12_1/AD_THP1_RNA_LPS_0_WT_12_1_aligned.sam, output/AD_THP1_RNA_LPS_0_WT_8_1/AD_THP1_RNA_LPS_0_WT_8_1_aligned.sam, output/AD_THP1_RNA_LPS_1440_WT_9_1/AD_THP1_RNA_LPS_1440_WT_9_1_aligned.sam, output/AD_THP1_RNA_LPS_1440_WT_1_1/AD_THP1_RNA_LPS_1440_WT_1_1_aligned.sam, output/AD_THP1_RNA_LPS_0_WT_6_1/AD_THP1_RNA_LPS_0_WT_6_1_aligned.sam, output/AD_THP1_RNA_LPS_1440_WT_2_1/AD_THP1_RNA_LPS_1440_WT_2_1_aligned.sam, output/AD_THP1_RNA_LPS_1440_WT_6_1/AD_THP1_RNA_LPS_1440_WT_6_1_aligned.sam, output/AD_THP1_RNA_LPS_1440_WT_11_1/AD_THP1_RNA_LPS_1440_WT_11_1_aligned.sam, output/AD_THP1_RNA_LPS_0_WT_13_1/AD_THP1_RNA_LPS_0_WT_13_1_aligned.sam, output/AD_THP1_DNA_LPS_0_WT_1_1/AD_THP1_DNA_LPS_0_WT_1_1_aligned.sam, output/AD_THP1_RNA_LPS_0_WT_3_1/AD_THP1_RNA_LPS_0_WT_3_1_aligned.sam, output/AD_THP1_RNA_LPS_0_WT_5_1/AD_THP1_RNA_LPS_0_WT_5_1_aligned.sam, output/AD_THP1_RNA_LPS_0_WT_7_1/AD_THP1_RNA_LPS_0_WT_7_1_aligned.sam, output/AD_THP1_RNA_LPS_1440_WT_12_1/AD_THP1_RNA_LPS_1440_WT_12_1_aligned.sam, output/AD_THP1_RNA_LPS_1440_WT_7_1/AD_THP1_RNA_LPS_1440_WT_7_1_aligned.sam, output/AD_THP1_RNA_LPS_0_WT_2_1/AD_THP1_RNA_LPS_0_WT_2_1_aligned.sam, output/AD_THP1_RNA_LPS_1440_WT_4_1/AD_THP1_RNA_LPS_1440_WT_4_1_aligned.sam, output/AD_THP1_RNA_LPS_0_WT_11_1/AD_THP1_RNA_LPS_0_WT_11_1_aligned.sam, output/AD_THP1_RNA_LPS_0_WT_4_1/AD_THP1_RNA_LPS_0_WT_4_1_aligned.sam, output/AD_THP1_RNA_LPS_1440_WT_13_1/AD_THP1_RNA_LPS_1440_WT_13_1_aligned.sam, output/AD_THP1_RNA_LPS_1440_WT_8_1/AD_THP1_RNA_LPS_1440_WT_8_1_aligned.sam, output/AD_THP1_RNA_LPS_1440_WT_5_1/AD_THP1_RNA_LPS_1440_WT_5_1_aligned.sam
    output: output/countMatrix.txt
    log: output/logs/countMatrix.err
    jobid: 51


        module load subread
        featureCounts --minOverlap 20 --fracOverlap 1 --fracOverlapFeature 1 -a /work/users/m/a/marielle/proj/AD/MPRA/batch2/output/barcode.saf -F SAF -T 4 -o output/countMatrix.txt output/AD_THP1_RNA_LPS_0_WT_9_1/AD_THP1_RNA_LPS_0_WT_9_1_aligned.sam output/AD_THP1_RNA_LPS_0_WT_10_1/AD_THP1_RNA_LPS_0_WT_10_1_aligned.sam output/AD_THP1_RNA_LPS_1440_WT_10_1/AD_THP1_RNA_LPS_1440_WT_10_1_aligned.sam output/AD_THP1_RNA_LPS_0_WT_12_1/AD_THP1_RNA_LPS_0_WT_12_1_aligned.sam output/AD_THP1_RNA_LPS_0_WT_8_1/AD_THP1_RNA_LPS_0_WT_8_1_aligned.sam output/AD_THP1_RNA_LPS_1440_WT_9_1/AD_THP1_RNA_LPS_1440_WT_9_1_aligned.sam output/AD_THP1_RNA_LPS_1440_WT_1_1/AD_THP1_RNA_LPS_1440_WT_1_1_aligned.sam output/AD_THP1_RNA_LPS_0_WT_6_1/AD_THP1_RNA_LPS_0_WT_6_1_aligned.sam output/AD_THP1_RNA_LPS_1440_WT_2_1/AD_THP1_RNA_LPS_1440_WT_2_1_aligned.sam output/AD_THP1_RNA_LPS_1440_WT_6_1/AD_THP1_RNA_LPS_1440_WT_6_1_aligned.sam output/AD_THP1_RNA_LPS_1440_WT_11_1/AD_THP1_RNA_LPS_1440_WT_11_1_aligned.sam output/AD_THP1_RNA_LPS_0_WT_13_1/AD_THP1_RNA_LPS_0_WT_13_1_aligned.sam output/AD_THP1_DNA_LPS_0_WT_1_1/AD_THP1_DNA_LPS_0_WT_1_1_aligned.sam output/AD_THP1_RNA_LPS_0_WT_3_1/AD_THP1_RNA_LPS_0_WT_3_1_aligned.sam output/AD_THP1_RNA_LPS_0_WT_5_1/AD_THP1_RNA_LPS_0_WT_5_1_aligned.sam output/AD_THP1_RNA_LPS_0_WT_7_1/AD_THP1_RNA_LPS_0_WT_7_1_aligned.sam output/AD_THP1_RNA_LPS_1440_WT_12_1/AD_THP1_RNA_LPS_1440_WT_12_1_aligned.sam output/AD_THP1_RNA_LPS_1440_WT_7_1/AD_THP1_RNA_LPS_1440_WT_7_1_aligned.sam output/AD_THP1_RNA_LPS_0_WT_2_1/AD_THP1_RNA_LPS_0_WT_2_1_aligned.sam output/AD_THP1_RNA_LPS_1440_WT_4_1/AD_THP1_RNA_LPS_1440_WT_4_1_aligned.sam output/AD_THP1_RNA_LPS_0_WT_11_1/AD_THP1_RNA_LPS_0_WT_11_1_aligned.sam output/AD_THP1_RNA_LPS_0_WT_4_1/AD_THP1_RNA_LPS_0_WT_4_1_aligned.sam output/AD_THP1_RNA_LPS_1440_WT_13_1/AD_THP1_RNA_LPS_1440_WT_13_1_aligned.sam output/AD_THP1_RNA_LPS_1440_WT_8_1/AD_THP1_RNA_LPS_1440_WT_8_1_aligned.sam output/AD_THP1_RNA_LPS_1440_WT_5_1/AD_THP1_RNA_LPS_1440_WT_5_1_aligned.sam
        
Submitted job 51 with external jobid '5303812'.
[Tue Apr 11 17:09:09 2023]
Finished job 51.
101 of 104 steps (97%) done

[Tue Apr 11 17:09:09 2023]
rule outliers:
    input: output/countMatrix.txt
    output: output/mergedCounts_noOutliers.rda
    log: output/logs/outliers.err, output/logs/outliers.out
    jobid: 52


        module load r/4.2.2
        Rscript scripts/filterOutliers.R output/countMatrix.txt 1> output/logs/outliers.out
        
Submitted job 52 with external jobid '5306180'.
[Tue Apr 11 17:10:50 2023]
Finished job 52.
102 of 104 steps (98%) done

[Tue Apr 11 17:10:50 2023]
rule lowCounts:
    input: output/mergedCounts_noOutliers.rda
    output: output/mergedCounts_noOutliers_atLeastFiveBCs.rda
    log: output/logs/lowCounts.err, output/logs/lowCounts.out
    jobid: 53


        module load r/4.2.2
        Rscript scripts/filterLowCounts.R output/mergedCounts_noOutliers.rda 1> output/logs/lowCounts.out
        
Submitted job 53 with external jobid '5306227'.
[Tue Apr 11 17:12:30 2023]
Finished job 53.
103 of 104 steps (99%) done

[Tue Apr 11 17:12:30 2023]
localrule all:
    input: output/AD_THP1_RNA_LPS_0_WT_9_1/AD_THP1_RNA_LPS_0_WT_9_1_aligned.sai, output/AD_THP1_RNA_LPS_0_WT_10_1/AD_THP1_RNA_LPS_0_WT_10_1_aligned.sai, output/AD_THP1_RNA_LPS_1440_WT_10_1/AD_THP1_RNA_LPS_1440_WT_10_1_aligned.sai, output/AD_THP1_RNA_LPS_0_WT_12_1/AD_THP1_RNA_LPS_0_WT_12_1_aligned.sai, output/AD_THP1_RNA_LPS_0_WT_8_1/AD_THP1_RNA_LPS_0_WT_8_1_aligned.sai, output/AD_THP1_RNA_LPS_1440_WT_9_1/AD_THP1_RNA_LPS_1440_WT_9_1_aligned.sai, output/AD_THP1_RNA_LPS_1440_WT_1_1/AD_THP1_RNA_LPS_1440_WT_1_1_aligned.sai, output/AD_THP1_RNA_LPS_0_WT_6_1/AD_THP1_RNA_LPS_0_WT_6_1_aligned.sai, output/AD_THP1_RNA_LPS_1440_WT_2_1/AD_THP1_RNA_LPS_1440_WT_2_1_aligned.sai, output/AD_THP1_RNA_LPS_1440_WT_6_1/AD_THP1_RNA_LPS_1440_WT_6_1_aligned.sai, output/AD_THP1_RNA_LPS_1440_WT_11_1/AD_THP1_RNA_LPS_1440_WT_11_1_aligned.sai, output/AD_THP1_RNA_LPS_0_WT_13_1/AD_THP1_RNA_LPS_0_WT_13_1_aligned.sai, output/AD_THP1_DNA_LPS_0_WT_1_1/AD_THP1_DNA_LPS_0_WT_1_1_aligned.sai, output/AD_THP1_RNA_LPS_0_WT_3_1/AD_THP1_RNA_LPS_0_WT_3_1_aligned.sai, output/AD_THP1_RNA_LPS_0_WT_5_1/AD_THP1_RNA_LPS_0_WT_5_1_aligned.sai, output/AD_THP1_RNA_LPS_0_WT_7_1/AD_THP1_RNA_LPS_0_WT_7_1_aligned.sai, output/AD_THP1_RNA_LPS_1440_WT_12_1/AD_THP1_RNA_LPS_1440_WT_12_1_aligned.sai, output/AD_THP1_RNA_LPS_1440_WT_7_1/AD_THP1_RNA_LPS_1440_WT_7_1_aligned.sai, output/AD_THP1_RNA_LPS_0_WT_2_1/AD_THP1_RNA_LPS_0_WT_2_1_aligned.sai, output/AD_THP1_RNA_LPS_1440_WT_4_1/AD_THP1_RNA_LPS_1440_WT_4_1_aligned.sai, output/AD_THP1_RNA_LPS_0_WT_11_1/AD_THP1_RNA_LPS_0_WT_11_1_aligned.sai, output/AD_THP1_RNA_LPS_0_WT_4_1/AD_THP1_RNA_LPS_0_WT_4_1_aligned.sai, output/AD_THP1_RNA_LPS_1440_WT_13_1/AD_THP1_RNA_LPS_1440_WT_13_1_aligned.sai, output/AD_THP1_RNA_LPS_1440_WT_8_1/AD_THP1_RNA_LPS_1440_WT_8_1_aligned.sai, output/AD_THP1_RNA_LPS_1440_WT_5_1/AD_THP1_RNA_LPS_1440_WT_5_1_aligned.sai, output/AD_THP1_RNA_LPS_0_WT_9_1/AD_THP1_RNA_LPS_0_WT_9_1_aligned.sam, output/AD_THP1_RNA_LPS_0_WT_10_1/AD_THP1_RNA_LPS_0_WT_10_1_aligned.sam, output/AD_THP1_RNA_LPS_1440_WT_10_1/AD_THP1_RNA_LPS_1440_WT_10_1_aligned.sam, output/AD_THP1_RNA_LPS_0_WT_12_1/AD_THP1_RNA_LPS_0_WT_12_1_aligned.sam, output/AD_THP1_RNA_LPS_0_WT_8_1/AD_THP1_RNA_LPS_0_WT_8_1_aligned.sam, output/AD_THP1_RNA_LPS_1440_WT_9_1/AD_THP1_RNA_LPS_1440_WT_9_1_aligned.sam, output/AD_THP1_RNA_LPS_1440_WT_1_1/AD_THP1_RNA_LPS_1440_WT_1_1_aligned.sam, output/AD_THP1_RNA_LPS_0_WT_6_1/AD_THP1_RNA_LPS_0_WT_6_1_aligned.sam, output/AD_THP1_RNA_LPS_1440_WT_2_1/AD_THP1_RNA_LPS_1440_WT_2_1_aligned.sam, output/AD_THP1_RNA_LPS_1440_WT_6_1/AD_THP1_RNA_LPS_1440_WT_6_1_aligned.sam, output/AD_THP1_RNA_LPS_1440_WT_11_1/AD_THP1_RNA_LPS_1440_WT_11_1_aligned.sam, output/AD_THP1_RNA_LPS_0_WT_13_1/AD_THP1_RNA_LPS_0_WT_13_1_aligned.sam, output/AD_THP1_DNA_LPS_0_WT_1_1/AD_THP1_DNA_LPS_0_WT_1_1_aligned.sam, output/AD_THP1_RNA_LPS_0_WT_3_1/AD_THP1_RNA_LPS_0_WT_3_1_aligned.sam, output/AD_THP1_RNA_LPS_0_WT_5_1/AD_THP1_RNA_LPS_0_WT_5_1_aligned.sam, output/AD_THP1_RNA_LPS_0_WT_7_1/AD_THP1_RNA_LPS_0_WT_7_1_aligned.sam, output/AD_THP1_RNA_LPS_1440_WT_12_1/AD_THP1_RNA_LPS_1440_WT_12_1_aligned.sam, output/AD_THP1_RNA_LPS_1440_WT_7_1/AD_THP1_RNA_LPS_1440_WT_7_1_aligned.sam, output/AD_THP1_RNA_LPS_0_WT_2_1/AD_THP1_RNA_LPS_0_WT_2_1_aligned.sam, output/AD_THP1_RNA_LPS_1440_WT_4_1/AD_THP1_RNA_LPS_1440_WT_4_1_aligned.sam, output/AD_THP1_RNA_LPS_0_WT_11_1/AD_THP1_RNA_LPS_0_WT_11_1_aligned.sam, output/AD_THP1_RNA_LPS_0_WT_4_1/AD_THP1_RNA_LPS_0_WT_4_1_aligned.sam, output/AD_THP1_RNA_LPS_1440_WT_13_1/AD_THP1_RNA_LPS_1440_WT_13_1_aligned.sam, output/AD_THP1_RNA_LPS_1440_WT_8_1/AD_THP1_RNA_LPS_1440_WT_8_1_aligned.sam, output/AD_THP1_RNA_LPS_1440_WT_5_1/AD_THP1_RNA_LPS_1440_WT_5_1_aligned.sam, output/countMatrix.txt, output/mergedCounts_noOutliers.rda, output/mergedCounts_noOutliers_atLeastFiveBCs.rda
    jobid: 0

[Tue Apr 11 17:12:30 2023]
Finished job 0.
104 of 104 steps (100%) done
Complete log: /work/users/m/a/marielle/work/mprasnakemake/.snakemake/log/2023-04-11T164741.004279.snakemake.log
processMPRA workflow completed successfully!
Entire workflow completed successfully!
